INITIAL TIME: 0.000000
N_tot=  156       t=  0.000000  dt=  6.000000  cpu=  0.000000 [s]  t/tmax=  0.00%
COLLISION TIME: 6.518569 yrs
p1: m=5.014340e-08, r=1.299433e-04, x=1.651185e+00, y=-8.856522e-01, z=1.051540e-02, vx=6.027056e-03, vy=1.120370e-02, vz=2.302911e-04
p2: m=5.014340e-08, r=1.299433e-04, x=1.651087e+00, y=-8.856997e-01, z=1.074361e-02, vx=5.902899e-03, vy=1.095740e-02, vz=-1.581050e-04
Merged body: m=1.002868e-07, r=1.637183e-04, x=1.651136e+00, y=-8.856759e-01, z=1.062950e-02, vx=5.964978e-03, vy=1.108055e-02, vz=3.609303e-05
COLLISION RESOLVED - Particles Remaining: 155
COLLISION TIME: 44.245586 yrs
p1: m=5.014340e-08, r=1.299433e-04, x=1.245396e+00, y=2.168381e-01, z=-1.732473e-03, vx=-2.467428e-03, vy=1.501736e-02, vz=9.321094e-05
p2: m=5.014340e-08, r=1.299433e-04, x=1.245448e+00, y=2.166159e-01, z=-1.628515e-03, vx=-2.841491e-03, vy=1.525055e-02, vz=-9.248371e-05
Merged body: m=1.002868e-07, r=1.637183e-04, x=1.245422e+00, y=2.167270e-01, z=-1.680494e-03, vx=-2.654460e-03, vy=1.513396e-02, vz=3.636107e-07
COLLISION RESOLVED - Particles Remaining: 154
COLLISION TIME: 49.008488 yrs
p1: m=5.014340e-08, r=1.299433e-04, x=-5.753013e-01, y=4.390891e-01, z=1.705943e-04, vx=-1.249220e-02, vy=-1.585533e-02, vz=-2.382256e-06
p2: m=5.014340e-08, r=1.299433e-04, x=-5.751907e-01, y=4.392716e-01, z=3.177438e-04, vx=-1.216945e-02, vy=-1.619069e-02, vz=2.173302e-05
Merged body: m=1.002868e-07, r=1.637183e-04, x=-5.752460e-01, y=4.391803e-01, z=2.441691e-04, vx=-1.233083e-02, vy=-1.602301e-02, vz=9.675380e-06
COLLISION RESOLVED - Particles Remaining: 153
COLLISION TIME: 113.750461 yrs
p1: m=5.014340e-08, r=1.299433e-04, x=7.622072e-01, y=-3.502205e-01, z=5.991915e-05, vx=7.758313e-03, vy=1.685442e-02, vz=-1.129272e-05
p2: m=5.014340e-08, r=1.299433e-04, x=7.620615e-01, y=-3.504203e-01, z=2.737899e-05, vx=7.987286e-03, vy=1.728130e-02, vz=5.049861e-06
Merged body: m=1.002868e-07, r=1.637183e-04, x=7.621344e-01, y=-3.503204e-01, z=4.364907e-05, vx=7.872799e-03, vy=1.706786e-02, vz=-3.121430e-06
COLLISION RESOLVED - Particles Remaining: 152
COLLISION TIME: 302.970733 yrs
p1: m=5.014340e-08, r=1.299433e-04, x=1.192542e+00, y=-3.983429e-01, z=-2.916975e-03, vx=4.714634e-03, vy=1.477637e-02, vz=2.703409e-06
p2: m=5.014340e-08, r=1.299433e-04, x=1.192425e+00, y=-3.981690e-01, z=-2.771373e-03, vx=5.030340e-03, vy=1.439813e-02, vz=9.134259e-05
Merged body: m=1.002868e-07, r=1.637183e-04, x=1.192484e+00, y=-3.982560e-01, z=-2.844174e-03, vx=4.872487e-03, vy=1.458725e-02, vz=4.702300e-05
COLLISION RESOLVED - Particles Remaining: 151
COLLISION TIME: 504.818386 yrs
p1: m=5.014340e-08, r=1.299433e-04, x=6.542401e-01, y=2.767204e-02, z=2.960067e-04, vx=-1.005750e-03, vy=2.117209e-02, vz=1.917441e-04
p2: m=5.014340e-08, r=1.299433e-04, x=6.540365e-01, y=2.782159e-02, z=3.191091e-04, vx=-5.465428e-04, vy=2.130215e-02, vz=-4.450861e-06
Merged body: m=1.002868e-07, r=1.637183e-04, x=6.541383e-01, y=2.774681e-02, z=3.075579e-04, vx=-7.761463e-04, vy=2.123712e-02, vz=9.364664e-05
COLLISION RESOLVED - Particles Remaining: 150
COLLISION TIME: 687.093645 yrs
p1: m=5.014340e-08, r=1.299433e-04, x=-1.395840e-01, y=-6.190861e-01, z=-7.679065e-04, vx=2.119619e-02, vy=-4.754052e-03, vz=2.746771e-04
p2: m=5.014340e-08, r=1.299433e-04, x=-1.396643e-01, y=-6.191190e-01, z=-5.280621e-04, vx=2.096774e-02, vy=-4.579180e-03, vz=-1.470093e-04
Merged body: m=1.002868e-07, r=1.637183e-04, x=-1.396242e-01, y=-6.191025e-01, z=-6.479843e-04, vx=2.108197e-02, vy=-4.666616e-03, vz=6.383389e-05
COLLISION RESOLVED - Particles Remaining: 149
COLLISION TIME: 802.324933 yrs
p1: m=5.014340e-08, r=1.299433e-04, x=-2.826690e-01, y=8.910968e-01, z=1.169271e-03, vx=-1.680402e-02, vy=-5.231573e-03, vz=1.605674e-04
p2: m=5.014340e-08, r=1.299433e-04, x=-2.824709e-01, y=8.911541e-01, z=1.319443e-03, vx=-1.716608e-02, vy=-5.372083e-03, vz=-1.309496e-04
Merged body: m=1.002868e-07, r=1.637183e-04, x=-2.825700e-01, y=8.911254e-01, z=1.244357e-03, vx=-1.698505e-02, vy=-5.301828e-03, vz=1.480890e-05
COLLISION RESOLVED - Particles Remaining: 148
COLLISION TIME: 906.996441 yrs
p1: m=5.014340e-08, r=1.299433e-04, x=1.528360e+00, y=4.211347e-01, z=-3.538949e-03, vx=-3.791453e-03, vy=1.328517e-02, vz=-1.260498e-04
p2: m=5.014340e-08, r=1.299433e-04, x=1.528237e+00, y=4.213501e-01, z=-3.610768e-03, vx=-3.412247e-03, vy=1.311533e-02, vz=1.258064e-04
Merged body: m=1.002868e-07, r=1.637183e-04, x=1.528299e+00, y=4.212424e-01, z=-3.574859e-03, vx=-3.601850e-03, vy=1.320025e-02, vz=-1.216849e-07
COLLISION RESOLVED - Particles Remaining: 147
COLLISION TIME: 1201.651595 yrs
p1: m=5.014340e-08, r=1.299433e-04, x=5.768550e-01, y=1.537229e+00, z=-1.819578e-03, vx=-1.261965e-02, vy=4.929442e-03, vz=-8.533871e-05
p2: m=5.014340e-08, r=1.299433e-04, x=5.768207e-01, y=1.537474e+00, z=-1.874867e-03, vx=-1.255225e-02, vy=4.477864e-03, vz=3.604232e-05
Merged body: m=1.002868e-07, r=1.637183e-04, x=5.768379e-01, y=1.537352e+00, z=-1.847222e-03, vx=-1.258595e-02, vy=4.703653e-03, vz=-2.464819e-05
COLLISION RESOLVED - Particles Remaining: 146
COLLISION TIME: 1318.920026 yrs
p1: m=5.014340e-08, r=1.299433e-04, x=5.770952e-01, y=-8.915629e-01, z=-5.447588e-03, vx=1.396454e-02, vy=8.945871e-03, vz=-1.722200e-04
p2: m=5.014340e-08, r=1.299433e-04, x=5.769240e-01, y=-8.916903e-01, z=-5.588827e-03, vx=1.424943e-02, vy=9.028753e-03, vz=2.131581e-04
Merged body: m=1.002868e-07, r=1.637183e-04, x=5.770096e-01, y=-8.916266e-01, z=-5.518208e-03, vx=1.410698e-02, vy=8.987312e-03, vz=2.046906e-05
COLLISION RESOLVED - Particles Remaining: 145
COLLISION TIME: 1330.517254 yrs
p1: m=5.014340e-08, r=1.299433e-04, x=7.458172e-01, y=-2.963509e-02, z=-1.339997e-03, vx=1.070067e-03, vy=1.983269e-02, vz=5.515577e-06
p2: m=5.014340e-08, r=1.299433e-04, x=7.460069e-01, y=-2.961590e-02, z=-1.165857e-03, vx=6.028049e-04, vy=1.986310e-02, vz=5.238698e-05
Merged body: m=1.002868e-07, r=1.637183e-04, x=7.459121e-01, y=-2.962549e-02, z=-1.252927e-03, vx=8.364359e-04, vy=1.984789e-02, vz=2.895128e-05
COLLISION RESOLVED - Particles Remaining: 144
COLLISION TIME: 1374.539142 yrs
p1: m=5.014340e-08, r=1.299433e-04, x=-4.798536e-02, y=1.973070e+00, z=7.066047e-03, vx=-1.239062e-02, vy=-9.069204e-05, vz=7.708824e-05
p2: m=5.014340e-08, r=1.299433e-04, x=-4.815413e-02, y=1.973250e+00, z=7.112400e-03, vx=-1.206739e-02, vy=-4.728184e-04, vz=2.159961e-05
Merged body: m=1.002868e-07, r=1.637183e-04, x=-4.806975e-02, y=1.973160e+00, z=7.089223e-03, vx=-1.222900e-02, vy=-2.817552e-04, vz=4.934393e-05
COLLISION RESOLVED - Particles Remaining: 143
COLLISION TIME: 1398.078219 yrs
p1: m=5.014340e-08, r=1.299433e-04, x=-7.394257e-01, y=-7.824765e-02, z=1.309400e-03, vx=1.819070e-03, vy=-1.983778e-02, vz=1.824224e-04
p2: m=1.002868e-07, r=1.637183e-04, x=-7.396982e-01, y=-7.818100e-02, z=1.222415e-03, vx=2.246321e-03, vy=-1.988517e-02, vz=-1.344750e-04
Merged body: m=1.504302e-07, r=1.874107e-04, x=-7.396073e-01, y=-7.820322e-02, z=1.251410e-03, vx=2.103904e-03, vy=-1.986937e-02, vz=-2.884256e-05
COLLISION RESOLVED - Particles Remaining: 142
COLLISION TIME: 2158.487741 yrs
p1: m=5.014340e-08, r=1.299433e-04, x=-3.583328e-01, y=8.099636e-01, z=-2.198395e-03, vx=-1.629400e-02, vy=-7.520780e-03, vz=-1.970252e-05
p2: m=5.014340e-08, r=1.299433e-04, x=-3.583350e-01, y=8.099564e-01, z=-1.940297e-03, vx=-1.675749e-02, vy=-7.419813e-03, vz=-1.326082e-04
Merged body: m=1.002868e-07, r=1.637183e-04, x=-3.583339e-01, y=8.099600e-01, z=-2.069346e-03, vx=-1.652574e-02, vy=-7.470297e-03, vz=-7.615534e-05
COLLISION RESOLVED - Particles Remaining: 141
COLLISION TIME: 2224.412137 yrs
p1: m=5.014340e-08, r=1.299433e-04, x=-1.047240e+00, y=-2.756846e-01, z=-2.909827e-04, vx=4.056669e-03, vy=-1.586225e-02, vz=-1.925902e-04
p2: m=5.014340e-08, r=1.299433e-04, x=-1.047351e+00, y=-2.756349e-01, z=-5.150399e-04, vx=4.496254e-03, vy=-1.595827e-02, vz=-4.392136e-05
Merged body: m=1.002868e-07, r=1.637183e-04, x=-1.047295e+00, y=-2.756598e-01, z=-4.030113e-04, vx=4.276462e-03, vy=-1.591026e-02, vz=-1.182558e-04
COLLISION RESOLVED - Particles Remaining: 140
COLLISION TIME: 2272.407751 yrs
p1: m=1.002868e-07, r=1.637183e-04, x=-3.108527e-01, y=-1.580486e+00, z=2.153564e-03, vx=1.334959e-02, vy=-2.663937e-03, vz=-8.759319e-05
p2: m=5.014340e-08, r=1.299433e-04, x=-3.108825e-01, y=-1.580669e+00, z=2.381263e-03, vx=1.337315e-02, vy=-2.185952e-03, vz=2.489605e-04
Merged body: m=1.504302e-07, r=1.874107e-04, x=-3.108626e-01, y=-1.580547e+00, z=2.229464e-03, vx=1.335744e-02, vy=-2.504609e-03, vz=2.459136e-05
COLLISION RESOLVED - Particles Remaining: 139
COLLISION TIME: 2281.263666 yrs
p1: m=1.002868e-07, r=1.637183e-04, x=-7.544657e-01, y=-4.179040e-01, z=-2.874667e-03, vx=9.338101e-03, vy=-1.605022e-02, vz=1.314752e-04
p2: m=5.014340e-08, r=1.299433e-04, x=-7.543528e-01, y=-4.177574e-01, z=-2.649296e-03, vx=8.853698e-03, vy=-1.627379e-02, vz=-1.472617e-04
Merged body: m=1.504302e-07, r=1.874107e-04, x=-7.544281e-01, y=-4.178551e-01, z=-2.799543e-03, vx=9.176633e-03, vy=-1.612474e-02, vz=3.856289e-05
COLLISION RESOLVED - Particles Remaining: 138
COLLISION TIME: 2379.980454 yrs
p1: m=5.014340e-08, r=1.299433e-04, x=5.916759e-01, y=3.358988e-01, z=-5.236910e-04, vx=-1.031606e-02, vy=1.833344e-02, vz=-2.019490e-04
p2: m=5.014340e-08, r=1.299433e-04, x=5.915255e-01, y=3.360921e-01, z=-4.427143e-04, vx=-1.042717e-02, vy=1.801615e-02, vz=1.768391e-04
Merged body: m=1.002868e-07, r=1.637183e-04, x=5.916007e-01, y=3.359954e-01, z=-4.832026e-04, vx=-1.037161e-02, vy=1.817479e-02, vz=-1.255498e-05
COLLISION RESOLVED - Particles Remaining: 137
COLLISION TIME: 2962.743143 yrs
p1: m=5.014340e-08, r=1.299433e-04, x=7.844140e-01, y=4.979144e-02, z=3.517825e-03, vx=-1.004814e-03, vy=1.949446e-02, vz=-2.081622e-04
p2: m=5.014340e-08, r=1.299433e-04, x=7.845532e-01, y=4.982488e-02, z=3.309846e-03, vx=-1.410461e-03, vy=1.924315e-02, vz=-1.182505e-04
Merged body: m=1.002868e-07, r=1.637183e-04, x=7.844836e-01, y=4.980816e-02, z=3.413835e-03, vx=-1.207638e-03, vy=1.936880e-02, vz=-1.632063e-04
COLLISION RESOLVED - Particles Remaining: 136
COLLISION TIME: 3064.177628 yrs
p1: m=5.014340e-08, r=1.299433e-04, x=-1.079265e+00, y=3.778542e-01, z=-4.950564e-04, vx=-5.061049e-03, vy=-1.539037e-02, vz=-2.956566e-05
p2: m=5.014340e-08, r=1.299433e-04, x=-1.079051e+00, y=3.777296e-01, z=-4.288957e-04, vx=-5.444312e-03, vy=-1.512839e-02, vz=-7.839023e-05
Merged body: m=1.002868e-07, r=1.637183e-04, x=-1.079158e+00, y=3.777919e-01, z=-4.619760e-04, vx=-5.252680e-03, vy=-1.525938e-02, vz=-5.397795e-05
COLLISION RESOLVED - Particles Remaining: 135
COLLISION TIME: 3188.191558 yrs
p1: m=5.014340e-08, r=1.299433e-04, x=3.409210e-01, y=1.598533e+00, z=1.044280e-03, vx=-1.325298e-02, vy=2.748385e-03, vz=-2.798980e-04
p2: m=5.014340e-08, r=1.299433e-04, x=3.409380e-01, y=1.598609e+00, z=8.080618e-04, vx=-1.290385e-02, vy=2.834961e-03, vz=7.960446e-05
Merged body: m=1.002868e-07, r=1.637183e-04, x=3.409295e-01, y=1.598571e+00, z=9.261709e-04, vx=-1.307842e-02, vy=2.791673e-03, vz=-1.001468e-04
COLLISION RESOLVED - Particles Remaining: 134
COLLISION TIME: 3458.776547 yrs
p1: m=1.002868e-07, r=1.637183e-04, x=-8.645424e-01, y=3.552085e-01, z=-2.332137e-03, vx=-6.627451e-03, vy=-1.639306e-02, vz=3.212747e-05
p2: m=5.014340e-08, r=1.299433e-04, x=-8.642829e-01, y=3.552542e-01, z=-2.225322e-03, vx=-7.079730e-03, vy=-1.610698e-02, vz=-1.201724e-04
Merged body: m=1.504302e-07, r=1.874107e-04, x=-8.644559e-01, y=3.552237e-01, z=-2.296532e-03, vx=-6.778211e-03, vy=-1.629770e-02, vz=-1.863916e-05
COLLISION RESOLVED - Particles Remaining: 133
COLLISION TIME: 3489.200283 yrs
p1: m=5.014340e-08, r=1.299433e-04, x=-6.275526e-01, y=-7.128647e-01, z=1.543505e-03, vx=1.315962e-02, vy=-1.198290e-02, vz=-1.396639e-04
p2: m=5.014340e-08, r=1.299433e-04, x=-6.275761e-01, y=-7.131012e-01, z=1.444966e-03, vx=1.328935e-02, vy=-1.158405e-02, vz=4.351467e-05
Merged body: m=1.002868e-07, r=1.637183e-04, x=-6.275644e-01, y=-7.129829e-01, z=1.494235e-03, vx=1.322449e-02, vy=-1.178348e-02, vz=-4.807462e-05
COLLISION RESOLVED - Particles Remaining: 132
COLLISION TIME: 3515.300562 yrs
p1: m=5.014340e-08, r=1.299433e-04, x=-5.027873e-01, y=1.243380e+00, z=2.100513e-04, vx=-1.361199e-02, vy=-6.015476e-03, vz=8.469363e-05
p2: m=5.014340e-08, r=1.299433e-04, x=-5.029336e-01, y=1.243166e+00, z=2.145108e-04, vx=-1.396252e-02, vy=-5.480788e-03, vz=3.815632e-05
Merged body: m=1.002868e-07, r=1.637183e-04, x=-5.028605e-01, y=1.243273e+00, z=2.122810e-04, vx=-1.378725e-02, vy=-5.748132e-03, vz=6.142498e-05
COLLISION RESOLVED - Particles Remaining: 131
COLLISION TIME: 3623.154678 yrs
p1: m=5.014340e-08, r=1.299433e-04, x=-4.308960e-01, y=8.996692e-01, z=-1.300216e-03, vx=-1.563438e-02, vy=-7.234092e-03, vz=-2.117376e-04
p2: m=5.014340e-08, r=1.299433e-04, x=-4.311105e-01, y=8.996480e-01, z=-1.433060e-03, vx=-1.553953e-02, vy=-7.586998e-03, vz=2.164331e-04
Merged body: m=1.002868e-07, r=1.637183e-04, x=-4.310032e-01, y=8.996586e-01, z=-1.366638e-03, vx=-1.558695e-02, vy=-7.410545e-03, vz=2.347746e-06
COLLISION RESOLVED - Particles Remaining: 130
COLLISION TIME: 3788.097024 yrs
p1: m=5.014340e-08, r=1.299433e-04, x=-8.353277e-01, y=1.468512e+00, z=1.114482e-02, vx=-1.132890e-02, vy=-6.786022e-03, vz=6.447761e-05
p2: m=5.014340e-08, r=1.299433e-04, x=-8.352341e-01, y=1.468388e+00, z=1.135060e-02, vx=-1.146781e-02, vy=-6.290258e-03, vz=1.907634e-06
Merged body: m=1.002868e-07, r=1.637183e-04, x=-8.352809e-01, y=1.468450e+00, z=1.124771e-02, vx=-1.139836e-02, vy=-6.538140e-03, vz=3.319262e-05
COLLISION RESOLVED - Particles Remaining: 129
COLLISION TIME: 3986.029624 yrs
p1: m=1.002868e-07, r=1.637183e-04, x=-6.735434e-01, y=-4.129961e-01, z=-3.071113e-04, vx=9.850673e-03, vy=-1.662118e-02, vz=2.726407e-04
p2: m=5.014340e-08, r=1.299433e-04, x=-6.733853e-01, y=-4.127715e-01, z=-2.115927e-04, vx=1.023541e-02, vy=-1.683201e-02, vz=-1.423887e-04
Merged body: m=1.504302e-07, r=1.874107e-04, x=-6.734907e-01, y=-4.129212e-01, z=-2.752717e-04, vx=9.978919e-03, vy=-1.669146e-02, vz=1.342976e-04
COLLISION RESOLVED - Particles Remaining: 128
COLLISION TIME: 4026.910714 yrs
p1: m=5.014340e-08, r=1.299433e-04, x=6.318076e-01, y=5.273734e-01, z=4.104047e-03, vx=-1.235131e-02, vy=1.479948e-02, vz=-2.168270e-04
p2: m=5.014340e-08, r=1.299433e-04, x=6.317826e-01, y=5.276207e-01, z=4.077665e-03, vx=-1.194812e-02, vy=1.450570e-02, vz=3.357715e-05
Merged body: m=1.002868e-07, r=1.637183e-04, x=6.317951e-01, y=5.274971e-01, z=4.090856e-03, vx=-1.214972e-02, vy=1.465259e-02, vz=-9.162492e-05
COLLISION RESOLVED - Particles Remaining: 127
COLLISION TIME: 4456.348165 yrs
p1: m=1.504302e-07, r=1.874107e-04, x=3.377775e-01, y=-8.314913e-01, z=-2.263531e-03, vx=1.691906e-02, vy=7.071255e-03, vz=-8.712887e-05
p2: m=5.014340e-08, r=1.299433e-04, x=3.380532e-01, y=-8.315074e-01, z=-2.404265e-03, vx=1.666151e-02, vy=6.423711e-03, vz=1.064097e-04
Merged body: m=2.005736e-07, r=2.062721e-04, x=3.378465e-01, y=-8.314953e-01, z=-2.298714e-03, vx=1.685467e-02, vy=6.909369e-03, vz=-3.874422e-05
COLLISION RESOLVED - Particles Remaining: 126
COLLISION TIME: 4832.765339 yrs
p1: m=1.002868e-07, r=1.637183e-04, x=5.431438e-01, y=9.350679e-01, z=-5.438239e-03, vx=-1.439926e-02, vy=8.367694e-03, vz=-1.881626e-04
p2: m=5.014340e-08, r=1.299433e-04, x=5.430066e-01, y=9.349683e-01, z=-5.661182e-03, vx=-1.404460e-02, vy=8.153581e-03, vz=2.531216e-04
Merged body: m=1.504302e-07, r=1.874107e-04, x=5.430981e-01, y=9.350347e-01, z=-5.512553e-03, vx=-1.428104e-02, vy=8.296323e-03, vz=-4.106783e-05
COLLISION RESOLVED - Particles Remaining: 125
COLLISION TIME: 4982.177523 yrs
p1: m=5.014340e-08, r=1.299433e-04, x=-6.584278e-01, y=1.095459e-02, z=8.524171e-05, vx=-8.705171e-04, vy=-2.112428e-02, vz=5.093768e-05
p2: m=1.002868e-07, r=1.637183e-04, x=-6.586578e-01, y=1.102715e-02, z=2.369984e-04, vx=-1.671215e-04, vy=-2.118321e-02, vz=1.184348e-04
Merged body: m=1.504302e-07, r=1.874107e-04, x=-6.585811e-01, y=1.100296e-02, z=1.864128e-04, vx=-4.015867e-04, vy=-2.116356e-02, vz=9.593578e-05
COLLISION RESOLVED - Particles Remaining: 124
COLLISION TIME: 5019.920703 yrs
p1: m=5.014340e-08, r=1.299433e-04, x=1.075201e+00, y=9.446865e-01, z=1.020290e-02, vx=-9.626552e-03, vy=1.065033e-02, vz=5.449719e-05
p2: m=5.014340e-08, r=1.299433e-04, x=1.074947e+00, y=9.447237e-01, z=1.023690e-02, vx=-9.304200e-03, vy=1.104153e-02, vz=8.698126e-05
Merged body: m=1.002868e-07, r=1.637183e-04, x=1.075074e+00, y=9.447051e-01, z=1.021990e-02, vx=-9.465376e-03, vy=1.084593e-02, vz=7.073922e-05
COLLISION RESOLVED - Particles Remaining: 123
COLLISION TIME: 5590.640877 yrs
p1: m=1.002868e-07, r=1.637183e-04, x=3.515492e-01, y=1.583166e+00, z=-9.283958e-05, vx=-1.306610e-02, vy=2.669187e-03, vz=1.476745e-04
p2: m=1.504302e-07, r=1.874107e-04, x=3.514761e-01, y=1.582961e+00, z=-3.636024e-04, vx=-1.316252e-02, vy=3.282771e-03, vz=-4.012031e-05
Merged body: m=2.507170e-07, r=2.221999e-04, x=3.515053e-01, y=1.583043e+00, z=-2.552973e-04, vx=-1.312395e-02, vy=3.037337e-03, vz=3.499761e-05
COLLISION RESOLVED - Particles Remaining: 122
COLLISION TIME: 5816.079849 yrs
p1: m=5.014340e-08, r=1.299433e-04, x=6.018211e-01, y=1.052952e+00, z=-5.592460e-03, vx=-1.370283e-02, vy=7.489688e-03, vz=3.710158e-04
p2: m=5.014340e-08, r=1.299433e-04, x=6.016107e-01, y=1.053059e+00, z=-5.486920e-03, vx=-1.345703e-02, vy=7.762318e-03, vz=-1.943882e-04
Merged body: m=1.002868e-07, r=1.637183e-04, x=6.017159e-01, y=1.053006e+00, z=-5.539690e-03, vx=-1.357993e-02, vy=7.626003e-03, vz=8.831383e-05
COLLISION RESOLVED - Particles Remaining: 121
COLLISION TIME: 5902.866660 yrs
p1: m=5.014340e-08, r=1.299433e-04, x=1.855316e+00, y=2.274207e-01, z=-7.754032e-03, vx=-1.434423e-03, vy=1.235578e-02, vz=8.760362e-05
p2: m=5.014340e-08, r=1.299433e-04, x=1.855460e+00, y=2.272499e-01, z=-7.880921e-03, vx=-1.346913e-03, vy=1.289131e-02, vz=1.817560e-04
Merged body: m=1.002868e-07, r=1.637183e-04, x=1.855388e+00, y=2.273353e-01, z=-7.817477e-03, vx=-1.390668e-03, vy=1.262354e-02, vz=1.346798e-04
COLLISION RESOLVED - Particles Remaining: 120
COLLISION TIME: 6378.527128 yrs
p1: m=1.002868e-07, r=1.637183e-04, x=-6.442793e-01, y=5.043271e-01, z=3.198372e-03, vx=-1.156525e-02, vy=-1.492506e-02, vz=-3.727036e-04
p2: m=1.002868e-07, r=1.637183e-04, x=-6.442794e-01, y=5.040307e-01, z=3.061263e-03, vx=-1.174072e-02, vy=-1.496760e-02, vz=2.263477e-04
Merged body: m=2.005736e-07, r=2.062721e-04, x=-6.442793e-01, y=5.041789e-01, z=3.129817e-03, vx=-1.165298e-02, vy=-1.494633e-02, vz=-7.317792e-05
COLLISION RESOLVED - Particles Remaining: 119
COLLISION TIME: 6447.212475 yrs
p1: m=1.002868e-07, r=1.637183e-04, x=1.972481e+00, y=1.268221e-02, z=8.303121e-04, vx=7.976458e-06, vy=1.224593e-02, vz=2.706401e-04
p2: m=5.014340e-08, r=1.299433e-04, x=1.972529e+00, y=1.287735e-02, z=1.035305e-03, vx=2.393168e-04, vy=1.242319e-02, vz=-2.046531e-04
Merged body: m=1.504302e-07, r=1.874107e-04, x=1.972497e+00, y=1.274725e-02, z=8.986430e-04, vx=8.508992e-05, vy=1.230502e-02, vz=1.122090e-04
COLLISION RESOLVED - Particles Remaining: 118
COLLISION TIME: 6452.089258 yrs
p1: m=5.014340e-08, r=1.299433e-04, x=-1.222261e+00, y=6.421913e-01, z=2.034131e-03, vx=-6.572461e-03, vy=-1.307702e-02, vz=-3.589896e-04
p2: m=1.002868e-07, r=1.637183e-04, x=-1.222029e+00, y=6.420300e-01, z=1.998316e-03, vx=-6.910912e-03, vy=-1.296507e-02, vz=8.492589e-05
Merged body: m=1.504302e-07, r=1.874107e-04, x=-1.222106e+00, y=6.420838e-01, z=2.010254e-03, vx=-6.798095e-03, vy=-1.300238e-02, vz=-6.304594e-05
COLLISION RESOLVED - Particles Remaining: 117
COLLISION TIME: 7775.078182 yrs
p1: m=5.014340e-08, r=1.299433e-04, x=-1.490386e-02, y=7.188544e-01, z=-1.244315e-03, vx=-2.034806e-02, vy=-1.215370e-04, vz=-1.279666e-04
p2: m=1.002868e-07, r=1.637183e-04, x=-1.485682e-02, y=7.191384e-01, z=-1.194652e-03, vx=-2.014440e-02, vy=-6.357587e-04, vz=-5.577652e-05
Merged body: m=1.504302e-07, r=1.874107e-04, x=-1.487250e-02, y=7.190437e-01, z=-1.211206e-03, vx=-2.021228e-02, vy=-4.643515e-04, vz=-7.983989e-05
COLLISION RESOLVED - Particles Remaining: 116
COLLISION TIME: 8822.134793 yrs
p1: m=5.014340e-08, r=1.299433e-04, x=1.724650e+00, y=7.192180e-01, z=1.360305e-02, vx=-4.878590e-03, vy=1.153327e-02, vz=1.004155e-04
p2: m=5.014340e-08, r=1.299433e-04, x=1.724560e+00, y=7.189969e-01, z=1.367605e-02, vx=-4.750595e-03, vy=1.203273e-02, vz=1.874472e-04
Merged body: m=1.002868e-07, r=1.637183e-04, x=1.724605e+00, y=7.191075e-01, z=1.363955e-02, vx=-4.814592e-03, vy=1.178300e-02, vz=1.439314e-04
COLLISION RESOLVED - Particles Remaining: 115
COLLISION TIME: 9292.681725 yrs
p1: m=5.014340e-08, r=1.299433e-04, x=6.003413e-01, y=9.286655e-01, z=-2.625302e-03, vx=-1.343567e-02, vy=8.846587e-03, vz=3.399891e-04
p2: m=1.504302e-07, r=1.874107e-04, x=6.004710e-01, y=9.283839e-01, z=-2.586923e-03, vx=-1.379728e-02, vy=8.909051e-03, vz=-1.856436e-04
Merged body: m=2.005736e-07, r=2.062721e-04, x=6.004386e-01, y=9.284543e-01, z=-2.596518e-03, vx=-1.370688e-02, vy=8.893435e-03, vz=-5.423540e-05
COLLISION RESOLVED - Particles Remaining: 114
N_tot=  114       t=  3652500.000000  dt=  6.000000  cpu=  429.269634 [s]  t/tmax=  1.00%
COLLISION TIME: 10086.787123 yrs
p1: m=1.504302e-07, r=1.874107e-04, x=-6.570312e-01, y=-3.574164e-01, z=-2.542215e-03, vx=9.997209e-03, vy=-1.751843e-02, vz=7.984377e-05
p2: m=1.504302e-07, r=1.874107e-04, x=-6.568010e-01, y=-3.574228e-01, z=-2.259692e-03, vx=9.116868e-03, vy=-1.753672e-02, vz=-3.805587e-05
Merged body: m=3.008604e-07, r=2.361227e-04, x=-6.569161e-01, y=-3.574196e-01, z=-2.400953e-03, vx=9.557038e-03, vy=-1.752757e-02, vz=2.089395e-05
COLLISION RESOLVED - Particles Remaining: 113
COLLISION TIME: 10704.350736 yrs
p1: m=5.014340e-08, r=1.299433e-04, x=1.233661e+00, y=1.303856e+00, z=2.299877e-02, vx=-9.197806e-03, vy=8.989495e-03, vz=2.633960e-04
p2: m=5.014340e-08, r=1.299433e-04, x=1.233414e+00, y=1.303832e+00, z=2.303706e-02, vx=-9.033245e-03, vy=9.065981e-03, vz=-1.961060e-04
Merged body: m=1.002868e-07, r=1.637183e-04, x=1.233538e+00, y=1.303844e+00, z=2.301792e-02, vx=-9.115526e-03, vy=9.027738e-03, vz=3.364499e-05
COLLISION RESOLVED - Particles Remaining: 112
COLLISION TIME: 10739.932392 yrs
p1: m=5.014340e-08, r=1.299433e-04, x=5.578097e-01, y=-1.229295e+00, z=-4.358050e-03, vx=1.349659e-02, vy=6.270879e-03, vz=-1.312651e-04
p2: m=5.014340e-08, r=1.299433e-04, x=5.575621e-01, y=-1.229230e+00, z=-4.319454e-03, vx=1.387654e-02, vy=5.956924e-03, vz=-3.675688e-05
Merged body: m=1.002868e-07, r=1.637183e-04, x=5.576859e-01, y=-1.229262e+00, z=-4.338752e-03, vx=1.368656e-02, vy=6.113902e-03, vz=-8.401097e-05
COLLISION RESOLVED - Particles Remaining: 111
COLLISION TIME: 10978.702663 yrs
p1: m=5.014340e-08, r=1.299433e-04, x=-1.092828e+00, y=1.933395e-01, z=3.464091e-03, vx=-3.452894e-03, vy=-1.629585e-02, vz=-2.714710e-04
p2: m=2.005736e-07, r=2.062721e-04, x=-1.093109e+00, y=1.933830e-01, z=3.298699e-03, vx=-2.825635e-03, vy=-1.595945e-02, vz=3.757367e-05
Merged body: m=2.507170e-07, r=2.221999e-04, x=-1.093053e+00, y=1.933743e-01, z=3.331777e-03, vx=-2.951087e-03, vy=-1.602673e-02, vz=-2.423526e-05
COLLISION RESOLVED - Particles Remaining: 110
COLLISION TIME: 11247.591954 yrs
p1: m=1.504302e-07, r=1.874107e-04, x=1.938162e-01, y=8.409460e-01, z=5.597421e-03, vx=-1.817208e-02, vy=3.864403e-03, vz=6.465479e-05
p2: m=5.014340e-08, r=1.299433e-04, x=1.937545e-01, y=8.406404e-01, z=5.545571e-03, vx=-1.767493e-02, vy=3.896216e-03, vz=-3.635464e-04
Merged body: m=2.005736e-07, r=2.062721e-04, x=1.938008e-01, y=8.408696e-01, z=5.584458e-03, vx=-1.804779e-02, vy=3.872356e-03, vz=-4.239550e-05
COLLISION RESOLVED - Particles Remaining: 109
COLLISION TIME: 12072.653150 yrs
p1: m=5.014340e-08, r=1.299433e-04, x=-9.394086e-01, y=-5.450290e-01, z=2.478245e-03, vx=8.091013e-03, vy=-1.417598e-02, vz=4.311491e-05
p2: m=1.002868e-07, r=1.637183e-04, x=-9.394920e-01, y=-5.447817e-01, z=2.597784e-03, vx=8.646549e-03, vy=-1.426105e-02, vz=-1.760028e-04
Merged body: m=1.504302e-07, r=1.874107e-04, x=-9.394642e-01, y=-5.448641e-01, z=2.557938e-03, vx=8.461370e-03, vy=-1.423269e-02, vz=-1.029636e-04
COLLISION RESOLVED - Particles Remaining: 108
COLLISION TIME: 12361.902665 yrs
p1: m=1.002868e-07, r=1.637183e-04, x=6.492508e-01, y=-7.243127e-01, z=2.832448e-03, vx=1.320435e-02, vy=1.149646e-02, vz=-1.279916e-04
p2: m=5.014340e-08, r=1.299433e-04, x=6.493788e-01, y=-7.245058e-01, z=2.670965e-03, vx=1.289845e-02, vy=1.181940e-02, vz=3.390142e-04
Merged body: m=1.504302e-07, r=1.874107e-04, x=6.492935e-01, y=-7.243771e-01, z=2.778620e-03, vx=1.310238e-02, vy=1.160410e-02, vz=2.767699e-05
COLLISION RESOLVED - Particles Remaining: 107
COLLISION TIME: 12651.906426 yrs
p1: m=5.014340e-08, r=1.299433e-04, x=1.240196e+00, y=1.165312e-01, z=-5.568096e-03, vx=-9.434054e-04, vy=1.563316e-02, vz=-9.478076e-05
p2: m=5.014340e-08, r=1.299433e-04, x=1.240238e+00, y=1.167628e-01, z=-5.463023e-03, vx=-1.800808e-03, vy=1.537843e-02, vz=1.717648e-04
Merged body: m=1.002868e-07, r=1.637183e-04, x=1.240217e+00, y=1.166470e-01, z=-5.515560e-03, vx=-1.372107e-03, vy=1.550579e-02, vz=3.849202e-05
COLLISION RESOLVED - Particles Remaining: 106
COLLISION TIME: 13056.870591 yrs
p1: m=5.014340e-08, r=1.299433e-04, x=5.605148e-01, y=6.608620e-01, z=1.109005e-03, vx=-1.361565e-02, vy=1.267876e-02, vz=4.532690e-05
p2: m=2.005736e-07, r=2.062721e-04, x=5.606459e-01, y=6.611296e-01, z=1.239145e-03, vx=-1.402337e-02, vy=1.184990e-02, vz=3.446591e-05
Merged body: m=2.507170e-07, r=2.221999e-04, x=5.606197e-01, y=6.610761e-01, z=1.213117e-03, vx=-1.394182e-02, vy=1.201567e-02, vz=3.663811e-05
COLLISION RESOLVED - Particles Remaining: 105
COLLISION TIME: 13300.876547 yrs
p1: m=5.014340e-08, r=1.299433e-04, x=1.200069e+00, y=-5.246893e-01, z=7.268707e-03, vx=5.820302e-03, vy=1.383865e-02, vz=2.046609e-04
p2: m=5.014340e-08, r=1.299433e-04, x=1.199995e+00, y=-5.247089e-01, z=7.509691e-03, vx=6.300558e-03, vy=1.378253e-02, vz=-1.881776e-04
Merged body: m=1.002868e-07, r=1.637183e-04, x=1.200032e+00, y=-5.246991e-01, z=7.389199e-03, vx=6.060430e-03, vy=1.381059e-02, vz=8.241683e-06
COLLISION RESOLVED - Particles Remaining: 104
COLLISION TIME: 13931.845840 yrs
p1: m=5.014340e-08, r=1.299433e-04, x=2.536037e-01, y=1.394919e+00, z=1.258329e-02, vx=-1.414264e-02, vy=2.404082e-03, vz=3.070601e-05
p2: m=5.014340e-08, r=1.299433e-04, x=2.535442e-01, y=1.394721e+00, z=1.273375e-02, vx=-1.418886e-02, vy=3.114311e-03, vz=-1.827495e-04
Merged body: m=1.002868e-07, r=1.637183e-04, x=2.535740e-01, y=1.394820e+00, z=1.265852e-02, vx=-1.416575e-02, vy=2.759196e-03, vz=-7.602173e-05
COLLISION RESOLVED - Particles Remaining: 103
COLLISION TIME: 13976.802208 yrs
p1: m=2.507170e-07, r=2.221999e-04, x=5.332228e-01, y=9.945350e-01, z=4.038257e-03, vx=-1.422739e-02, vy=7.452597e-03, vz=4.386282e-05
p2: m=5.014340e-08, r=1.299433e-04, x=5.335410e-01, y=9.945716e-01, z=4.153407e-03, vx=-1.485178e-02, vy=7.859673e-03, vz=-2.733814e-04
Merged body: m=3.008604e-07, r=2.361227e-04, x=5.332759e-01, y=9.945411e-01, z=4.057448e-03, vx=-1.433145e-02, vy=7.520443e-03, vz=-9.011208e-06
COLLISION RESOLVED - Particles Remaining: 102
COLLISION TIME: 14923.186178 yrs
p1: m=1.504302e-07, r=1.874107e-04, x=2.745861e-01, y=6.044264e-01, z=6.452722e-04, vx=-1.933579e-02, vy=8.790223e-03, vz=1.474051e-04
p2: m=1.002868e-07, r=1.637183e-04, x=2.743206e-01, y=6.043297e-01, z=8.357379e-04, vx=-1.899485e-02, vy=8.994030e-03, vz=-3.742346e-04
Merged body: m=2.507170e-07, r=2.221999e-04, x=2.744799e-01, y=6.043877e-01, z=7.214584e-04, vx=-1.919941e-02, vy=8.871746e-03, vz=-6.125080e-05
COLLISION RESOLVED - Particles Remaining: 101
COLLISION TIME: 15101.195783 yrs
p1: m=3.008604e-07, r=2.361227e-04, x=-6.042707e-01, y=4.489348e-01, z=-1.319064e-03, vx=-1.179736e-02, vy=-1.597657e-02, vz=6.866582e-05
p2: m=5.014340e-08, r=1.299433e-04, x=-6.045622e-01, y=4.487226e-01, z=-1.326709e-03, vx=-1.182035e-02, vy=-1.506358e-02, vz=-2.708390e-04
Merged body: m=3.510038e-07, r=2.485726e-04, x=-6.043123e-01, y=4.489045e-01, z=-1.320157e-03, vx=-1.180064e-02, vy=-1.584615e-02, vz=2.016513e-05
COLLISION RESOLVED - Particles Remaining: 100
COLLISION TIME: 16174.363604 yrs
p1: m=5.014340e-08, r=1.299433e-04, x=-3.853463e-01, y=-4.758892e-01, z=-4.361017e-04, vx=1.707184e-02, vy=-1.356635e-02, vz=-1.269319e-04
p2: m=5.014340e-08, r=1.299433e-04, x=-3.854740e-01, y=-4.758479e-01, z=-6.520295e-04, vx=1.678492e-02, vy=-1.414821e-02, vz=2.118608e-04
Merged body: m=1.002868e-07, r=1.637183e-04, x=-3.854101e-01, y=-4.758686e-01, z=-5.440656e-04, vx=1.692838e-02, vy=-1.385728e-02, vz=4.246445e-05
COLLISION RESOLVED - Particles Remaining: 99
COLLISION TIME: 16723.993627 yrs
p1: m=5.014340e-08, r=1.299433e-04, x=-1.095953e-01, y=5.500104e-01, z=1.267890e-03, vx=-2.272360e-02, vy=-4.504759e-03, vz=-9.596783e-05
p2: m=5.014340e-08, r=1.299433e-04, x=-1.096115e-01, y=5.502651e-01, z=1.253325e-03, vx=-2.228568e-02, vy=-4.717676e-03, vz=1.677931e-04
Merged body: m=1.002868e-07, r=1.637183e-04, x=-1.096034e-01, y=5.501377e-01, z=1.260607e-03, vx=-2.250464e-02, vy=-4.611217e-03, vz=3.591263e-05
COLLISION RESOLVED - Particles Remaining: 98
COLLISION TIME: 16793.352486 yrs
p1: m=1.504302e-07, r=1.874107e-04, x=8.888443e-01, y=-5.427414e-01, z=2.814311e-03, vx=8.622035e-03, vy=1.477736e-02, vz=-6.100120e-05
p2: m=5.014340e-08, r=1.299433e-04, x=8.887699e-01, y=-5.424591e-01, z=2.932943e-03, vx=8.767803e-03, vy=1.394155e-02, vz=-1.173162e-04
Merged body: m=2.005736e-07, r=2.062721e-04, x=8.888257e-01, y=-5.426708e-01, z=2.843969e-03, vx=8.658477e-03, vy=1.456841e-02, vz=-7.507995e-05
COLLISION RESOLVED - Particles Remaining: 97
COLLISION TIME: 17251.536395 yrs
p1: m=2.507170e-07, r=2.221999e-04, x=1.314837e-01, y=-8.442371e-01, z=7.873258e-04, vx=1.847253e-02, vy=2.934022e-03, vz=1.661201e-04
p2: m=5.014340e-08, r=1.299433e-04, x=1.317771e-01, y=-8.440423e-01, z=7.885823e-04, vx=1.796251e-02, vy=3.252161e-03, vz=-3.399562e-04
Merged body: m=3.008604e-07, r=2.361227e-04, x=1.315326e-01, y=-8.442046e-01, z=7.875352e-04, vx=1.838753e-02, vy=2.987045e-03, vz=8.177405e-05
COLLISION RESOLVED - Particles Remaining: 96
COLLISION TIME: 17685.076282 yrs
p1: m=3.510038e-07, r=2.485726e-04, x=-7.538655e-01, y=7.355671e-02, z=-1.417043e-03, vx=-1.743732e-03, vy=-1.957231e-02, vz=-1.539696e-05
p2: m=5.014340e-08, r=1.299433e-04, x=-7.538718e-01, y=7.359328e-02, z=-1.788509e-03, vx=-2.521209e-03, vy=-1.975126e-02, vz=4.620618e-04
Merged body: m=4.011472e-07, r=2.598866e-04, x=-7.538663e-01, y=7.356128e-02, z=-1.463477e-03, vx=-1.840916e-03, vy=-1.959468e-02, vz=4.428538e-05
COLLISION RESOLVED - Particles Remaining: 95
COLLISION TIME: 18137.301238 yrs
p1: m=5.014340e-08, r=1.299433e-04, x=4.045367e-01, y=1.143628e+00, z=1.120028e-02, vx=-1.439172e-02, vy=5.114239e-03, vz=2.476058e-04
p2: m=5.014340e-08, r=1.299433e-04, x=4.044721e-01, y=1.143714e+00, z=1.143407e-02, vx=-1.503857e-02, vy=4.846377e-03, vz=7.442198e-06
Merged body: m=1.002868e-07, r=1.637183e-04, x=4.045044e-01, y=1.143671e+00, z=1.131717e-02, vx=-1.471515e-02, vy=4.980308e-03, vz=1.275240e-04
COLLISION RESOLVED - Particles Remaining: 94
COLLISION TIME: 19322.990890 yrs
p1: m=1.002868e-07, r=1.637183e-04, x=-1.516321e-01, y=-8.955245e-01, z=-7.075448e-03, vx=1.797897e-02, vy=-2.600592e-03, vz=1.673440e-04
p2: m=5.014340e-08, r=1.299433e-04, x=-1.518578e-01, y=-8.957026e-01, z=-7.130363e-03, vx=1.798522e-02, vy=-1.930905e-03, vz=1.071658e-04
Merged body: m=1.504302e-07, r=1.874107e-04, x=-1.517073e-01, y=-8.955839e-01, z=-7.093753e-03, vx=1.798105e-02, vy=-2.377363e-03, vz=1.472846e-04
COLLISION RESOLVED - Particles Remaining: 93
COLLISION TIME: 19722.802935 yrs
p1: m=1.504302e-07, r=1.874107e-04, x=9.833392e-01, y=-9.339611e-02, z=-6.521778e-03, vx=1.399896e-03, vy=1.723329e-02, vz=8.684492e-05
p2: m=5.014340e-08, r=1.299433e-04, x=9.831026e-01, y=-9.327056e-02, z=-6.361385e-03, vx=2.341118e-03, vy=1.738832e-02, vz=1.193192e-04
Merged body: m=2.005736e-07, r=2.062721e-04, x=9.832801e-01, y=-9.336472e-02, z=-6.481680e-03, vx=1.635202e-03, vy=1.727204e-02, vz=9.496350e-05
COLLISION RESOLVED - Particles Remaining: 92
N_tot=  92        t=  7305000.000000  dt=  6.000000  cpu=  264.069176 [s]  t/tmax=  2.00%
COLLISION TIME: 20170.388417 yrs
p1: m=5.014340e-08, r=1.299433e-04, x=8.987143e-01, y=-3.455345e-01, z=1.204964e-02, vx=6.138800e-03, vy=1.678448e-02, vz=2.375319e-04
p2: m=5.014340e-08, r=1.299433e-04, x=8.987310e-01, y=-3.455573e-01, z=1.229856e-02, vx=6.023845e-03, vy=1.637060e-02, vz=-2.811555e-04
Merged body: m=1.002868e-07, r=1.637183e-04, x=8.987227e-01, y=-3.455459e-01, z=1.217410e-02, vx=6.081323e-03, vy=1.657754e-02, vz=-2.181179e-05
COLLISION RESOLVED - Particles Remaining: 91
COLLISION TIME: 20690.579236 yrs
p1: m=5.014340e-08, r=1.299433e-04, x=9.075536e-01, y=-2.649807e-01, z=-7.330823e-03, vx=4.845247e-03, vy=1.726304e-02, vz=6.907317e-05
p2: m=5.014340e-08, r=1.299433e-04, x=9.077574e-01, y=-2.648238e-01, z=-7.317968e-03, vx=5.090155e-03, vy=1.677379e-02, vz=-4.543281e-05
Merged body: m=1.002868e-07, r=1.637183e-04, x=9.076555e-01, y=-2.649023e-01, z=-7.324395e-03, vx=4.967701e-03, vy=1.701841e-02, vz=1.182018e-05
COLLISION RESOLVED - Particles Remaining: 90
COLLISION TIME: 21685.479777 yrs
p1: m=5.014340e-08, r=1.299433e-04, x=1.561047e+00, y=3.464616e-01, z=1.822780e-02, vx=-3.625355e-03, vy=1.337518e-02, vz=-3.529910e-04
p2: m=5.014340e-08, r=1.299433e-04, x=1.560893e+00, y=3.463792e-01, z=1.803787e-02, vx=-3.414767e-03, vy=1.364352e-02, vz=5.573789e-06
Merged body: m=1.002868e-07, r=1.637183e-04, x=1.560970e+00, y=3.464204e-01, z=1.813284e-02, vx=-3.520061e-03, vy=1.350935e-02, vz=-1.737086e-04
COLLISION RESOLVED - Particles Remaining: 89
COLLISION TIME: 23761.977973 yrs
p1: m=1.504302e-07, r=1.874107e-04, x=8.077197e-01, y=3.209445e-01, z=-4.710170e-04, vx=-7.477517e-03, vy=1.738996e-02, vz=-1.931003e-04
p2: m=3.008604e-07, r=2.361227e-04, x=8.074044e-01, y=3.210296e-01, z=-7.231479e-04, vx=-6.564880e-03, vy=1.722435e-02, vz=1.249443e-05
Merged body: m=4.512906e-07, r=2.702930e-04, x=8.075095e-01, y=3.210012e-01, z=-6.391042e-04, vx=-6.869092e-03, vy=1.727955e-02, vz=-5.603714e-05
COLLISION RESOLVED - Particles Remaining: 88
COLLISION TIME: 23769.655729 yrs
p1: m=4.512906e-07, r=2.702930e-04, x=-3.390806e-01, y=8.159886e-01, z=-2.126839e-03, vx=-1.710332e-02, vy=-6.527485e-03, vz=7.529106e-05
p2: m=2.005736e-07, r=2.062721e-04, x=-3.388423e-01, y=8.163818e-01, z=-2.219752e-03, vx=-1.655938e-02, vy=-7.226811e-03, vz=-3.070839e-04
Merged body: m=6.518642e-07, r=3.055402e-04, x=-3.390073e-01, y=8.161096e-01, z=-2.155427e-03, vx=-1.693596e-02, vy=-6.742662e-03, vz=-4.236277e-05
COLLISION RESOLVED - Particles Remaining: 87
COLLISION TIME: 25108.446241 yrs
p1: m=5.014340e-08, r=1.299433e-04, x=5.694284e-01, y=2.073587e-01, z=3.003582e-03, vx=-7.971910e-03, vy=2.047633e-02, vz=-2.992791e-05
p2: m=1.002868e-07, r=1.637183e-04, x=5.691896e-01, y=2.072553e-01, z=2.881086e-03, vx=-7.250388e-03, vy=2.100490e-02, vz=-6.805387e-05
Merged body: m=1.504302e-07, r=1.874107e-04, x=5.692692e-01, y=2.072897e-01, z=2.921918e-03, vx=-7.490895e-03, vy=2.082871e-02, vz=-5.534522e-05
COLLISION RESOLVED - Particles Remaining: 86
COLLISION TIME: 26184.922384 yrs
p1: m=5.014340e-08, r=1.299433e-04, x=9.228269e-01, y=-8.454785e-01, z=9.131882e-03, vx=1.082524e-02, vy=1.103404e-02, vz=-2.904031e-04
p2: m=1.002868e-07, r=1.637183e-04, x=9.227851e-01, y=-8.457105e-01, z=9.301072e-03, vx=1.026542e-02, vy=1.164843e-02, vz=1.268213e-04
Merged body: m=1.504302e-07, r=1.874107e-04, x=9.227991e-01, y=-8.456332e-01, z=9.244675e-03, vx=1.045203e-02, vy=1.144364e-02, vz=-1.225352e-05
COLLISION RESOLVED - Particles Remaining: 85
COLLISION TIME: 27671.041252 yrs
p1: m=1.002868e-07, r=1.637183e-04, x=-1.723845e-02, y=1.644430e+00, z=-2.501036e-02, vx=-1.354527e-02, vy=3.446513e-04, vz=-1.300241e-04
p2: m=1.002868e-07, r=1.637183e-04, x=-1.694301e-02, y=1.644527e+00, z=-2.509958e-02, vx=-1.363415e-02, vy=-3.889037e-04, vz=-4.034586e-05
Merged body: m=2.005736e-07, r=2.062721e-04, x=-1.709073e-02, y=1.644479e+00, z=-2.505497e-02, vx=-1.358971e-02, vy=-2.212620e-05, vz=-8.518498e-05
COLLISION RESOLVED - Particles Remaining: 84
COLLISION TIME: 29385.598563 yrs
p1: m=5.014340e-08, r=1.299433e-04, x=1.939575e-01, y=8.490908e-01, z=-2.687029e-04, vx=-1.727120e-02, vy=3.485238e-03, vz=-3.236725e-04
p2: m=6.518642e-07, r=3.055402e-04, x=1.940437e-01, y=8.487070e-01, z=-1.147072e-04, vx=-1.804713e-02, vy=4.291162e-03, vz=1.343474e-05
Merged body: m=7.020076e-07, r=3.131819e-04, x=1.940375e-01, y=8.487344e-01, z=-1.257069e-04, vx=-1.799171e-02, vy=4.233596e-03, vz=-1.064434e-05
COLLISION RESOLVED - Particles Remaining: 83
N_tot=  83        t=  10957500.000000  dt=  6.000000  cpu=  193.585952 [s]  t/tmax=  3.00%
COLLISION TIME: 30843.257177 yrs
p1: m=2.005736e-07, r=2.062721e-04, x=4.373799e-01, y=1.564464e+00, z=-1.275222e-02, vx=-1.317082e-02, vy=3.767263e-03, vz=-2.209263e-04
p2: m=5.014340e-08, r=1.299433e-04, x=4.376903e-01, y=1.564501e+00, z=-1.285484e-02, vx=-1.370028e-02, vy=4.154539e-03, vz=2.004444e-04
Merged body: m=2.507170e-07, r=2.221999e-04, x=4.374420e-01, y=1.564471e+00, z=-1.277275e-02, vx=-1.327671e-02, vy=3.844719e-03, vz=-1.366521e-04
COLLISION RESOLVED - Particles Remaining: 82
COLLISION TIME: 32183.419882 yrs
p1: m=5.014340e-08, r=1.299433e-04, x=-1.449522e-01, y=-5.763046e-01, z=1.633013e-03, vx=2.176980e-02, vy=-5.555614e-03, vz=-5.495180e-04
p2: m=1.504302e-07, r=1.874107e-04, x=-1.449251e-01, y=-5.764037e-01, z=1.339638e-03, vx=2.178920e-02, vy=-5.279312e-03, vz=5.130771e-05
Merged body: m=2.005736e-07, r=2.062721e-04, x=-1.449318e-01, y=-5.763790e-01, z=1.412982e-03, vx=2.178435e-02, vy=-5.348387e-03, vz=-9.889872e-05
COLLISION RESOLVED - Particles Remaining: 81
COLLISION TIME: 32826.057282 yrs
p1: m=5.014340e-08, r=1.299433e-04, x=1.274829e+00, y=-4.000959e-01, z=1.273705e-02, vx=3.523351e-03, vy=1.462360e-02, vz=-2.854996e-04
p2: m=1.002868e-07, r=1.637183e-04, x=1.274593e+00, y=-3.999655e-01, z=1.266604e-02, vx=4.888611e-03, vy=1.419508e-02, vz=-1.125218e-04
Merged body: m=1.504302e-07, r=1.874107e-04, x=1.274672e+00, y=-4.000090e-01, z=1.268971e-02, vx=4.433524e-03, vy=1.433792e-02, vz=-1.701811e-04
COLLISION RESOLVED - Particles Remaining: 80
COLLISION TIME: 33688.977794 yrs
p1: m=5.014340e-08, r=1.299433e-04, x=-7.370724e-01, y=7.624143e-01, z=-1.158595e-02, vx=-1.245007e-02, vy=-1.117660e-02, vz=-8.168418e-05
p2: m=5.014340e-08, r=1.299433e-04, x=-7.372209e-01, y=7.623586e-01, z=-1.138160e-02, vx=-1.152724e-02, vy=-1.177171e-02, vz=-2.611181e-04
Merged body: m=1.002868e-07, r=1.637183e-04, x=-7.371467e-01, y=7.623864e-01, z=-1.148377e-02, vx=-1.198866e-02, vy=-1.147416e-02, vz=-1.714011e-04
COLLISION RESOLVED - Particles Remaining: 79
COLLISION TIME: 36183.033454 yrs
p1: m=1.002868e-07, r=1.637183e-04, x=8.542485e-03, y=1.044252e+00, z=5.097642e-03, vx=-1.685185e-02, vy=7.330487e-04, vz=-4.258313e-05
p2: m=5.014340e-08, r=1.299433e-04, x=8.725798e-03, y=1.044473e+00, z=5.079538e-03, vx=-1.673149e-02, vy=2.050969e-04, vz=-6.908395e-05
Merged body: m=1.504302e-07, r=1.874107e-04, x=8.603589e-03, y=1.044325e+00, z=5.091607e-03, vx=-1.681173e-02, vy=5.570648e-04, vz=-5.141674e-05
COLLISION RESOLVED - Particles Remaining: 78
N_tot=  78        t=  14610000.000000  dt=  6.000000  cpu=  166.630883 [s]  t/tmax=  4.00%
COLLISION TIME: 41084.985151 yrs
p1: m=1.504302e-07, r=1.874107e-04, x=8.761068e-01, y=5.048404e-01, z=5.202180e-03, vx=-9.167952e-03, vy=1.517556e-02, vz=-5.031691e-04
p2: m=2.005736e-07, r=2.062721e-04, x=8.761714e-01, y=5.047647e-01, z=4.824323e-03, vx=-8.624346e-03, vy=1.500657e-02, vz=2.352771e-05
Merged body: m=3.510038e-07, r=2.485726e-04, x=8.761437e-01, y=5.047971e-01, z=4.986262e-03, vx=-8.857320e-03, vy=1.507899e-02, vz=-2.021995e-04
COLLISION RESOLVED - Particles Remaining: 77
COLLISION TIME: 42079.421167 yrs
p1: m=2.507170e-07, r=2.221999e-04, x=-1.471447e+00, y=-4.908244e-02, z=1.907748e-02, vx=-2.725300e-04, vy=-1.441950e-02, vz=1.953171e-04
p2: m=5.014340e-08, r=1.299433e-04, x=-1.471640e+00, y=-4.888883e-02, z=1.929270e-02, vx=2.896181e-04, vy=-1.437501e-02, vz=-2.504513e-04
Merged body: m=3.008604e-07, r=2.361227e-04, x=-1.471480e+00, y=-4.905017e-02, z=1.911335e-02, vx=-1.788386e-04, vy=-1.441209e-02, vz=1.210224e-04
COLLISION RESOLVED - Particles Remaining: 76
COLLISION TIME: 42852.381293 yrs
p1: m=1.002868e-07, r=1.637183e-04, x=-1.058338e+00, y=3.648807e-01, z=9.371402e-03, vx=-5.770637e-03, vy=-1.487004e-02, vz=6.191477e-05
p2: m=5.014340e-08, r=1.299433e-04, x=-1.058147e+00, y=3.650320e-01, z=9.527738e-03, vx=-5.494809e-03, vy=-1.570765e-02, vz=1.439056e-04
Merged body: m=1.504302e-07, r=1.874107e-04, x=-1.058274e+00, y=3.649311e-01, z=9.423514e-03, vx=-5.678694e-03, vy=-1.514924e-02, vz=8.924503e-05
COLLISION RESOLVED - Particles Remaining: 75
COLLISION TIME: 43109.655298 yrs
p1: m=1.002868e-07, r=1.637183e-04, x=-2.702635e-01, y=-1.207389e+00, z=1.579244e-02, vx=1.476099e-02, vy=-3.180350e-03, vz=-1.473590e-05
p2: m=1.002868e-07, r=1.637183e-04, x=-2.705383e-01, y=-1.207506e+00, z=1.568926e-02, vx=1.522453e-02, vy=-2.680148e-03, vz=4.300088e-04
Merged body: m=2.005736e-07, r=2.062721e-04, x=-2.704009e-01, y=-1.207448e+00, z=1.574085e-02, vx=1.499276e-02, vy=-2.930249e-03, vz=2.076365e-04
COLLISION RESOLVED - Particles Remaining: 74
COLLISION TIME: 46406.016608 yrs
p1: m=2.005736e-07, r=2.062721e-04, x=2.309785e-01, y=7.409296e-01, z=-1.010471e-03, vx=-1.889057e-02, vy=6.432272e-03, vz=9.565361e-05
p2: m=4.011472e-07, r=2.598866e-04, x=2.310755e-01, y=7.413227e-01, z=-1.238985e-03, vx=-1.842106e-02, vy=5.614069e-03, vz=-1.087409e-04
Merged body: m=6.017208e-07, r=2.974959e-04, x=2.310432e-01, y=7.411917e-01, z=-1.162814e-03, vx=-1.857756e-02, vy=5.886804e-03, vz=-4.060938e-05
COLLISION RESOLVED - Particles Remaining: 73
COLLISION TIME: 47372.650520 yrs
p1: m=1.002868e-07, r=1.637183e-04, x=-4.883014e-01, y=2.816539e-01, z=-1.533249e-03, vx=-1.151404e-02, vy=-1.959153e-02, vz=-1.057073e-04
p2: m=5.014340e-08, r=1.299433e-04, x=-4.882849e-01, y=2.818225e-01, z=-1.770480e-03, vx=-1.104494e-02, vy=-1.986326e-02, vz=9.155735e-06
Merged body: m=1.504302e-07, r=1.874107e-04, x=-4.882959e-01, y=2.817101e-01, z=-1.612326e-03, vx=-1.135767e-02, vy=-1.968210e-02, vz=-6.741963e-05
COLLISION RESOLVED - Particles Remaining: 72
COLLISION TIME: 47728.606612 yrs
p1: m=5.014340e-08, r=1.299433e-04, x=3.141837e-01, y=5.742511e-01, z=3.009819e-03, vx=-1.775652e-02, vy=1.151984e-02, vz=-7.697006e-05
p2: m=1.002868e-07, r=1.637183e-04, x=3.141254e-01, y=5.744694e-01, z=3.188077e-03, vx=-1.880357e-02, vy=1.040472e-02, vz=-8.744506e-05
Merged body: m=1.504302e-07, r=1.874107e-04, x=3.141448e-01, y=5.743966e-01, z=3.128657e-03, vx=-1.845455e-02, vy=1.077643e-02, vz=-8.395340e-05
COLLISION RESOLVED - Particles Remaining: 71
COLLISION TIME: 47788.234742 yrs
p1: m=5.014340e-08, r=1.299433e-04, x=-3.161285e-01, y=-3.721673e-01, z=-1.513962e-03, vx=1.845065e-02, vy=-1.593010e-02, vz=5.390797e-05
p2: m=5.014340e-08, r=1.299433e-04, x=-3.163806e-01, y=-3.721554e-01, z=-1.454346e-03, vx=1.919903e-02, vy=-1.618807e-02, vz=-1.681550e-04
Merged body: m=1.002868e-07, r=1.637183e-04, x=-3.162546e-01, y=-3.721613e-01, z=-1.484154e-03, vx=1.882484e-02, vy=-1.605908e-02, vz=-5.712350e-05
COLLISION RESOLVED - Particles Remaining: 70
COLLISION TIME: 47864.661391 yrs
p1: m=1.504302e-07, r=1.874107e-04, x=-6.505728e-01, y=1.646186e-01, z=-2.492882e-03, vx=-4.899998e-03, vy=-1.996332e-02, vz=1.687268e-04
p2: m=2.507170e-07, r=2.221999e-04, x=-6.505671e-01, y=1.649991e-01, z=-2.348418e-03, vx=-5.727005e-03, vy=-2.009250e-02, vz=-1.306827e-04
Merged body: m=4.011472e-07, r=2.598866e-04, x=-6.505693e-01, y=1.648564e-01, z=-2.402592e-03, vx=-5.416877e-03, vy=-2.004406e-02, vz=-1.840410e-05
COLLISION RESOLVED - Particles Remaining: 69
COLLISION TIME: 49553.499418 yrs
p1: m=1.002868e-07, r=1.637183e-04, x=1.090877e+00, y=7.206011e-01, z=-9.351722e-03, vx=-8.559805e-03, vy=1.209339e-02, vz=1.101507e-04
p2: m=1.504302e-07, r=1.874107e-04, x=1.091206e+00, y=7.205897e-01, z=-9.271851e-03, vx=-9.147612e-03, vy=1.253123e-02, vz=-6.817157e-06
Merged body: m=2.507170e-07, r=2.221999e-04, x=1.091074e+00, y=7.205942e-01, z=-9.303800e-03, vx=-8.912489e-03, vy=1.235610e-02, vz=3.996999e-05
COLLISION RESOLVED - Particles Remaining: 68
N_tot=  68        t=  18262500.000000  dt=  6.000000  cpu=  146.936413 [s]  t/tmax=  5.00%
COLLISION TIME: 51130.110573 yrs
p1: m=3.008604e-07, r=2.361227e-04, x=1.139340e+00, y=1.071633e+00, z=-1.884398e-02, vx=-9.656213e-03, vy=9.646018e-03, vz=1.845623e-05
p2: m=1.002868e-07, r=1.637183e-04, x=1.139248e+00, y=1.071834e+00, z=-1.917703e-02, vx=-9.542337e-03, vy=9.812050e-03, vz=7.880544e-04
Merged body: m=4.011472e-07, r=2.598866e-04, x=1.139317e+00, y=1.071683e+00, z=-1.892724e-02, vx=-9.627744e-03, vy=9.687526e-03, vz=2.108558e-04
COLLISION RESOLVED - Particles Remaining: 67
COLLISION TIME: 52996.157438 yrs
p1: m=1.002868e-07, r=1.637183e-04, x=-8.978474e-01, y=-4.417025e-01, z=-5.260895e-03, vx=7.544651e-03, vy=-1.621008e-02, vz=1.957694e-04
p2: m=2.005736e-07, r=2.062721e-04, x=-8.978545e-01, y=-4.418924e-01, z=-4.950627e-03, vx=7.619503e-03, vy=-1.502794e-02, vz=5.829893e-05
Merged body: m=3.008604e-07, r=2.361227e-04, x=-8.978521e-01, y=-4.418291e-01, z=-5.054049e-03, vx=7.594552e-03, vy=-1.542198e-02, vz=1.041224e-04
COLLISION RESOLVED - Particles Remaining: 66
N_tot=  66        t=  21915000.000000  dt=  6.000000  cpu=  122.774683 [s]  t/tmax=  6.00%
COLLISION TIME: 65282.224472 yrs
p1: m=4.011472e-07, r=2.598866e-04, x=-2.806874e-01, y=1.518411e+00, z=1.604162e-02, vx=-1.355527e-02, vy=-2.718925e-03, vz=-1.855283e-04
p2: m=5.014340e-08, r=1.299433e-04, x=-2.803559e-01, y=1.518235e+00, z=1.602998e-02, vx=-1.380588e-02, vy=-1.758877e-03, vz=-5.684270e-04
Merged body: m=4.512906e-07, r=2.702930e-04, x=-2.806505e-01, y=1.518392e+00, z=1.604033e-02, vx=-1.358312e-02, vy=-2.612253e-03, vz=-2.280726e-04
COLLISION RESOLVED - Particles Remaining: 65
COLLISION TIME: 69372.196376 yrs
p1: m=3.510038e-07, r=2.485726e-04, x=-1.016138e+00, y=-1.353865e-01, z=7.990911e-03, vx=2.071237e-03, vy=-1.709510e-02, vz=-2.020765e-04
p2: m=1.002868e-07, r=1.637183e-04, x=-1.015777e+00, y=-1.355628e-01, z=8.029550e-03, vx=1.190990e-03, vy=-1.620890e-02, vz=-4.824298e-04
Merged body: m=4.512906e-07, r=2.702930e-04, x=-1.016058e+00, y=-1.354257e-01, z=7.999498e-03, vx=1.875626e-03, vy=-1.689816e-02, vz=-2.643773e-04
COLLISION RESOLVED - Particles Remaining: 64
N_tot=  64        t=  25567500.000000  dt=  6.000000  cpu=  119.427391 [s]  t/tmax=  7.00%
COLLISION TIME: 73071.848760 yrs
p1: m=1.504302e-07, r=1.874107e-04, x=-5.275571e-01, y=-4.954657e-01, z=1.040039e-02, vx=1.354712e-02, vy=-1.443512e-02, vz=1.948408e-04
p2: m=5.014340e-08, r=1.299433e-04, x=-5.275331e-01, y=-4.951599e-01, z=1.039826e-02, vx=1.176188e-02, vy=-1.618342e-02, vz=2.499086e-04
Merged body: m=2.005736e-07, r=2.062721e-04, x=-5.275511e-01, y=-4.953892e-01, z=1.039986e-02, vx=1.310081e-02, vy=-1.487220e-02, vz=2.086078e-04
COLLISION RESOLVED - Particles Remaining: 63
COLLISION TIME: 75333.500157 yrs
p1: m=5.014340e-08, r=1.299433e-04, x=1.103970e+00, y=-1.033932e+00, z=2.792229e-02, vx=9.626408e-03, vy=9.467579e-03, vz=2.279416e-04
p2: m=4.512906e-07, r=2.702930e-04, x=1.103813e+00, y=-1.034007e+00, z=2.756358e-02, vx=9.400322e-03, vy=1.054422e-02, vz=1.804936e-04
Merged body: m=5.014340e-07, r=2.799544e-04, x=1.103829e+00, y=-1.033999e+00, z=2.759945e-02, vx=9.422931e-03, vy=1.043656e-02, vz=1.852384e-04
COLLISION RESOLVED - Particles Remaining: 62
COLLISION TIME: 77884.051368 yrs
p1: m=5.014340e-08, r=1.299433e-04, x=7.570473e-01, y=1.472538e+00, z=-3.308322e-02, vx=-1.259489e-02, vy=6.038310e-03, vz=-1.081898e-04
p2: m=5.014340e-08, r=1.299433e-04, x=7.567903e-01, y=1.472564e+00, z=-3.307408e-02, vx=-1.213590e-02, vy=5.933679e-03, vz=-2.856389e-04
Merged body: m=1.002868e-07, r=1.637183e-04, x=7.569188e-01, y=1.472551e+00, z=-3.307865e-02, vx=-1.236539e-02, vy=5.985995e-03, vz=-1.969143e-04
COLLISION RESOLVED - Particles Remaining: 61
N_tot=  61        t=  29220000.000000  dt=  6.000000  cpu=  112.418610 [s]  t/tmax=  8.00%
COLLISION TIME: 81007.531329 yrs
p1: m=2.507170e-07, r=2.221999e-04, x=-1.319073e+00, y=5.643811e-02, z=-3.511316e-02, vx=-1.256213e-03, vy=-1.487675e-02, vz=7.555088e-05
p2: m=1.002868e-07, r=1.637183e-04, x=-1.319346e+00, y=5.645116e-02, z=-3.485326e-02, vx=1.410474e-05, vy=-1.431527e-02, vz=-5.909269e-04
Merged body: m=3.510038e-07, r=2.485726e-04, x=-1.319151e+00, y=5.644184e-02, z=-3.503890e-02, vx=-8.932651e-04, vy=-1.471633e-02, vz=-1.148714e-04
COLLISION RESOLVED - Particles Remaining: 60
COLLISION TIME: 81113.618946 yrs
p1: m=3.008604e-07, r=2.361227e-04, x=-9.557164e-01, y=-2.622402e-01, z=-2.511388e-02, vx=4.472898e-03, vy=-1.706722e-02, vz=-1.748569e-04
p2: m=5.014340e-08, r=1.299433e-04, x=-9.557007e-01, y=-2.622869e-01, z=-2.475130e-02, vx=5.160947e-03, vy=-1.664043e-02, vz=-5.783280e-04
Merged body: m=3.510038e-07, r=2.485726e-04, x=-9.557142e-01, y=-2.622469e-01, z=-2.506208e-02, vx=4.571191e-03, vy=-1.700625e-02, vz=-2.324956e-04
COLLISION RESOLVED - Particles Remaining: 59
COLLISION TIME: 82766.134242 yrs
p1: m=3.510038e-07, r=2.485726e-04, x=9.301612e-01, y=-4.808411e-01, z=-5.017415e-03, vx=8.356805e-03, vy=1.428353e-02, vz=3.499771e-04
p2: m=5.014340e-08, r=1.299433e-04, x=9.303814e-01, y=-4.805461e-01, z=-4.967680e-03, vx=6.256592e-03, vy=1.478571e-02, vz=9.095125e-05
Merged body: m=4.011472e-07, r=2.598866e-04, x=9.301887e-01, y=-4.808042e-01, z=-5.011198e-03, vx=8.094278e-03, vy=1.434630e-02, vz=3.175989e-04
COLLISION RESOLVED - Particles Remaining: 58
COLLISION TIME: 86995.136674 yrs
p1: m=3.510038e-07, r=2.485726e-04, x=9.064464e-01, y=8.053296e-01, z=1.617258e-02, vx=-1.059755e-02, vy=1.176336e-02, vz=-4.473612e-04
p2: m=5.014340e-08, r=1.299433e-04, x=9.066343e-01, y=8.050192e-01, z=1.613273e-02, vx=-1.066530e-02, vy=1.251687e-02, vz=1.172824e-04
Merged body: m=4.011472e-07, r=2.598866e-04, x=9.064699e-01, y=8.052908e-01, z=1.616760e-02, vx=-1.060602e-02, vy=1.185755e-02, vz=-3.767807e-04
COLLISION RESOLVED - Particles Remaining: 57
COLLISION TIME: 88845.078322 yrs
p1: m=2.005736e-07, r=2.062721e-04, x=1.091515e+00, y=-4.765281e-01, z=3.228237e-02, vx=5.505962e-03, vy=1.468452e-02, vz=4.419163e-04
p2: m=3.008604e-07, r=2.361227e-04, x=1.091174e+00, y=-4.763813e-01, z=3.250705e-02, vx=6.231093e-03, vy=1.448121e-02, vz=-3.442592e-04
Merged body: m=5.014340e-07, r=2.799544e-04, x=1.091311e+00, y=-4.764400e-01, z=3.241718e-02, vx=5.941041e-03, vy=1.456253e-02, vz=-2.978902e-05
COLLISION RESOLVED - Particles Remaining: 56
N_tot=  56        t=  32872500.000000  dt=  6.000000  cpu=  102.301755 [s]  t/tmax=  9.00%
COLLISION TIME: 93589.081805 yrs
p1: m=1.504302e-07, r=1.874107e-04, x=3.307936e-02, y=5.344854e-01, z=-1.444199e-02, vx=-2.381283e-02, vy=4.815900e-04, vz=3.096289e-04
p2: m=5.014340e-08, r=1.299433e-04, x=3.288343e-02, y=5.342958e-01, z=-1.457769e-02, vx=-2.340377e-02, vy=3.061349e-03, vz=9.926395e-04
Merged body: m=2.005736e-07, r=2.062721e-04, x=3.303038e-02, y=5.344380e-01, z=-1.447592e-02, vx=-2.371057e-02, vy=1.126530e-03, vz=4.803815e-04
COLLISION RESOLVED - Particles Remaining: 55
COLLISION TIME: 95042.488589 yrs
p1: m=5.014340e-08, r=1.299433e-04, x=1.848832e+00, y=7.461229e-01, z=-5.079943e-02, vx=-4.181001e-03, vy=1.122091e-02, vz=5.924830e-04
p2: m=5.014340e-08, r=1.299433e-04, x=1.848693e+00, y=7.460094e-01, z=-5.062490e-02, vx=-4.174809e-03, vy=1.156955e-02, vz=-6.157749e-05
Merged body: m=1.002868e-07, r=1.637183e-04, x=1.848763e+00, y=7.460662e-01, z=-5.071216e-02, vx=-4.177905e-03, vy=1.139523e-02, vz=2.654528e-04
COLLISION RESOLVED - Particles Remaining: 54
N_tot=  54        t=  36525000.000000  dt=  6.000000  cpu=  94.230541 [s]  t/tmax= 10.00%
N_tot=  54        t=  40177500.000000  dt=  6.000000  cpu=  87.580903 [s]  t/tmax= 11.00%
COLLISION TIME: 114500.296231 yrs
p1: m=5.014340e-07, r=2.799544e-04, x=4.249308e-01, y=-1.137527e+00, z=-2.868934e-02, vx=1.496056e-02, vy=5.054530e-03, vz=1.556317e-04
p2: m=4.011472e-07, r=2.598866e-04, x=4.248848e-01, y=-1.137713e+00, z=-2.820753e-02, vx=1.456227e-02, vy=5.235382e-03, vz=-8.016694e-04
Merged body: m=9.025812e-07, r=3.405478e-04, x=4.249104e-01, y=-1.137610e+00, z=-2.847520e-02, vx=1.478354e-02, vy=5.134909e-03, vz=-2.698354e-04
COLLISION RESOLVED - Particles Remaining: 53
COLLISION TIME: 119532.826742 yrs
p1: m=1.002868e-07, r=1.637183e-04, x=1.447905e+00, y=-3.119829e-01, z=2.179525e-02, vx=3.781691e-03, vy=1.305170e-02, vz=8.463747e-04
p2: m=5.014340e-07, r=2.799544e-04, x=1.447705e+00, y=-3.122141e-01, z=2.211249e-02, vx=2.599462e-03, vy=1.409413e-02, vz=3.445734e-04
Merged body: m=6.017208e-07, r=2.974959e-04, x=1.447738e+00, y=-3.121756e-01, z=2.205962e-02, vx=2.796500e-03, vy=1.392039e-02, vz=4.282069e-04
COLLISION RESOLVED - Particles Remaining: 52
N_tot=  52        t=  43830000.000000  dt=  6.000000  cpu=  89.341859 [s]  t/tmax= 12.00%
COLLISION TIME: 122460.768179 yrs
p1: m=5.014340e-08, r=1.299433e-04, x=-7.881774e-04, y=-1.529770e+00, z=-2.574108e-02, vx=1.394241e-02, vy=8.197856e-04, vz=1.020348e-03
p2: m=6.017208e-07, r=2.974959e-04, x=-8.690420e-04, y=-1.529483e+00, z=-2.545389e-02, vx=1.372980e-02, vy=3.545670e-05, vz=3.441891e-04
Merged body: m=6.518642e-07, r=3.055402e-04, x=-8.628216e-04, y=-1.529505e+00, z=-2.547598e-02, vx=1.374615e-02, vy=9.578969e-05, vz=3.962013e-04
COLLISION RESOLVED - Particles Remaining: 51
N_tot=  51        t=  47482500.000000  dt=  6.000000  cpu=  87.974670 [s]  t/tmax= 13.00%
N_tot=  51        t=  51135000.000000  dt=  6.000000  cpu=  86.963649 [s]  t/tmax= 14.00%
COLLISION TIME: 141374.147603 yrs
p1: m=4.011472e-07, r=2.598866e-04, x=-5.577167e-01, y=-2.790660e-01, z=1.350803e-02, vx=9.769334e-03, vy=-2.001503e-02, vz=-7.333249e-04
p2: m=2.005736e-07, r=2.062721e-04, x=-5.580280e-01, y=-2.787474e-01, z=1.337365e-02, vx=1.070530e-02, vy=-2.045735e-02, vz=-4.879427e-04
Merged body: m=6.017208e-07, r=2.974959e-04, x=-5.578204e-01, y=-2.789598e-01, z=1.346324e-02, vx=1.008132e-02, vy=-2.016247e-02, vz=-6.515309e-04
COLLISION RESOLVED - Particles Remaining: 50
COLLISION TIME: 142469.047741 yrs
p1: m=5.014340e-08, r=1.299433e-04, x=-4.491399e-01, y=2.073801e-02, z=-2.942276e-02, vx=1.106210e-04, vy=-2.581406e-02, vz=-1.443811e-03
p2: m=1.002868e-07, r=1.637183e-04, x=-4.489992e-01, y=2.083751e-02, z=-2.965489e-02, vx=-5.857197e-04, vy=-2.661501e-02, vz=1.686065e-03
Merged body: m=1.504302e-07, r=1.874107e-04, x=-4.490461e-01, y=2.080434e-02, z=-2.957751e-02, vx=-3.536061e-04, vy=-2.634803e-02, vz=6.427727e-04
COLLISION RESOLVED - Particles Remaining: 49
COLLISION TIME: 146156.118057 yrs
p1: m=5.014340e-08, r=1.299433e-04, x=1.527105e+00, y=-6.731373e-01, z=-7.863445e-03, vx=6.199283e-03, vy=1.218162e-02, vz=-1.025954e-05
p2: m=5.014340e-08, r=1.299433e-04, x=1.527173e+00, y=-6.733352e-01, z=-7.709678e-03, vx=5.152303e-03, vy=1.214453e-02, vz=-6.800333e-04
Merged body: m=1.002868e-07, r=1.637183e-04, x=1.527139e+00, y=-6.732362e-01, z=-7.786561e-03, vx=5.675793e-03, vy=1.216308e-02, vz=-3.451464e-04
COLLISION RESOLVED - Particles Remaining: 48
COLLISION TIME: 146414.719235 yrs
p1: m=1.002868e-07, r=1.637183e-04, x=-1.940656e+00, y=-5.737292e-02, z=2.670204e-02, vx=6.574855e-04, vy=-1.196065e-02, vz=2.027303e-04
p2: m=1.504302e-07, r=1.874107e-04, x=-1.940349e+00, y=-5.749008e-02, z=2.678241e-02, vx=-5.238013e-05, vy=-1.239585e-02, vz=-1.751812e-05
Merged body: m=2.507170e-07, r=2.221999e-04, x=-1.940472e+00, y=-5.744322e-02, z=2.675026e-02, vx=2.315661e-04, vy=-1.222177e-02, vz=7.058125e-05
COLLISION RESOLVED - Particles Remaining: 47
N_tot=  47        t=  54787500.000000  dt=  6.000000  cpu=  81.073583 [s]  t/tmax= 15.00%
COLLISION TIME: 156180.164185 yrs
p1: m=2.507170e-07, r=2.221999e-04, x=1.362330e+00, y=1.035714e+00, z=-2.774485e-03, vx=-7.967165e-03, vy=1.033027e-02, vz=2.161395e-04
p2: m=5.014340e-08, r=1.299433e-04, x=1.362304e+00, y=1.035380e+00, z=-2.665748e-03, vx=-7.306759e-03, vy=1.048668e-02, vz=-6.009456e-05
Merged body: m=3.008604e-07, r=2.361227e-04, x=1.362325e+00, y=1.035658e+00, z=-2.756362e-03, vx=-7.857097e-03, vy=1.035634e-02, vz=1.701005e-04
COLLISION RESOLVED - Particles Remaining: 46
N_tot=  46        t=  58440000.000000  dt=  6.000000  cpu=  78.105031 [s]  t/tmax= 16.00%
COLLISION TIME: 165067.672647 yrs
p1: m=4.512906e-07, r=2.702930e-04, x=-9.071471e-01, y=1.694402e-01, z=-7.618532e-04, vx=-1.296303e-03, vy=-1.795454e-02, vz=1.634510e-04
p2: m=7.020076e-07, r=3.131819e-04, x=-9.070037e-01, y=1.690043e-01, z=-1.099035e-03, vx=-2.887900e-03, vy=-1.721617e-02, vz=3.055549e-04
Merged body: m=1.153298e-06, r=3.695415e-04, x=-9.070598e-01, y=1.691749e-01, z=-9.670941e-04, vx=-2.265101e-03, vy=-1.750510e-02, vz=2.499490e-04
COLLISION RESOLVED - Particles Remaining: 45
N_tot=  45        t=  62092500.000000  dt=  6.000000  cpu=  76.970630 [s]  t/tmax= 17.00%
COLLISION TIME: 176419.320640 yrs
p1: m=2.507170e-07, r=2.221999e-04, x=-1.841145e+00, y=-7.615499e-02, z=-2.591947e-02, vx=1.423748e-03, vy=-1.268638e-02, vz=1.973694e-04
p2: m=5.014340e-08, r=1.299433e-04, x=-1.841033e+00, y=-7.589520e-02, z=-2.612609e-02, vx=9.927143e-04, vy=-1.335458e-02, vz=-6.014394e-05
Merged body: m=3.008604e-07, r=2.361227e-04, x=-1.841126e+00, y=-7.611169e-02, z=-2.595391e-02, vx=1.351909e-03, vy=-1.279774e-02, vz=1.544505e-04
COLLISION RESOLVED - Particles Remaining: 44
N_tot=  44        t=  65745000.000000  dt=  6.000000  cpu=  76.155373 [s]  t/tmax= 18.00%
COLLISION TIME: 183290.467238 yrs
p1: m=1.002868e-07, r=1.637183e-04, x=9.299912e-02, y=2.063856e+00, z=-6.125056e-02, vx=-1.166385e-02, vy=1.182962e-03, vz=2.370854e-04
p2: m=1.002868e-07, r=1.637183e-04, x=9.304691e-02, y=2.064071e+00, z=-6.102824e-02, vx=-1.187841e-02, vy=6.664378e-04, vz=-1.702734e-04
Merged body: m=2.005736e-07, r=2.062721e-04, x=9.302302e-02, y=2.063964e+00, z=-6.113940e-02, vx=-1.177113e-02, vy=9.247000e-04, vz=3.340602e-05
COLLISION RESOLVED - Particles Remaining: 43
COLLISION TIME: 184817.254692 yrs
p1: m=5.014340e-08, r=1.299433e-04, x=4.530736e-01, y=1.071942e+00, z=4.146521e-02, vx=-1.506977e-02, vy=7.320239e-03, vz=3.934549e-04
p2: m=9.025812e-07, r=3.405478e-04, x=4.530538e-01, y=1.072370e+00, z=4.130791e-02, vx=-1.495226e-02, vy=6.241292e-03, vz=-2.075823e-04
Merged body: m=9.527246e-07, r=3.467409e-04, x=4.530549e-01, y=1.072347e+00, z=4.131619e-02, vx=-1.495845e-02, vy=6.298079e-03, vz=-1.759488e-04
COLLISION RESOLVED - Particles Remaining: 42
N_tot=  42        t=  69397500.000000  dt=  6.000000  cpu=  74.159118 [s]  t/tmax= 19.00%
N_tot=  42        t=  73050000.000000  dt=  6.000000  cpu=  73.724109 [s]  t/tmax= 20.00%
COLLISION TIME: 208952.246407 yrs
p1: m=5.014340e-08, r=1.299433e-04, x=3.174760e-01, y=1.122440e+00, z=-5.013565e-02, vx=-1.467881e-02, vy=5.051154e-03, vz=6.388573e-04
p2: m=9.527246e-07, r=3.467409e-04, x=3.178642e-01, y=1.122713e+00, z=-5.016274e-02, vx=-1.545435e-02, vy=4.259444e-03, vz=2.821354e-04
Merged body: m=1.002868e-06, r=3.527204e-04, x=3.178448e-01, y=1.122699e+00, z=-5.016139e-02, vx=-1.541557e-02, vy=4.299030e-03, vz=2.999715e-04
COLLISION RESOLVED - Particles Remaining: 41
N_tot=  41        t=  76702500.000000  dt=  6.000000  cpu=  74.907439 [s]  t/tmax= 21.00%
N_tot=  41        t=  80355000.000000  dt=  6.000000  cpu=  73.438293 [s]  t/tmax= 22.00%
N_tot=  41        t=  84007500.000000  dt=  6.000000  cpu=  73.774345 [s]  t/tmax= 23.00%
COLLISION TIME: 232446.401129 yrs
p1: m=1.153298e-06, r=3.695415e-04, x=-8.249770e-01, y=4.160904e-01, z=2.761614e-02, vx=-8.089612e-03, vy=-1.571956e-02, vz=4.049366e-04
p2: m=5.014340e-08, r=1.299433e-04, x=-8.254203e-01, y=4.163028e-01, z=2.753239e-02, vx=-6.851430e-03, vy=-1.584132e-02, vz=7.686620e-04
Merged body: m=1.203442e-06, r=3.748214e-04, x=-8.249955e-01, y=4.160993e-01, z=2.761265e-02, vx=-8.038022e-03, vy=-1.572463e-02, vz=4.200918e-04
COLLISION RESOLVED - Particles Remaining: 40
COLLISION TIME: 236208.898002 yrs
p1: m=5.014340e-08, r=1.299433e-04, x=-1.362164e+00, y=-8.196184e-01, z=3.505725e-02, vx=7.202739e-03, vy=-1.194133e-02, vz=-1.058170e-04
p2: m=1.002868e-07, r=1.637183e-04, x=-1.362216e+00, y=-8.195309e-01, z=3.478352e-02, vx=7.820449e-03, vy=-1.183187e-02, vz=1.163778e-04
Merged body: m=1.504302e-07, r=1.874107e-04, x=-1.362199e+00, y=-8.195600e-01, z=3.487476e-02, vx=7.614546e-03, vy=-1.186836e-02, vz=4.231290e-05
COLLISION RESOLVED - Particles Remaining: 39
N_tot=  39        t=  87660000.000000  dt=  6.000000  cpu=  72.776312 [s]  t/tmax= 24.00%
N_tot=  39        t=  91312500.000000  dt=  6.000000  cpu=  71.885723 [s]  t/tmax= 25.00%
COLLISION TIME: 250636.134278 yrs
p1: m=2.005736e-07, r=2.062721e-04, x=-7.332185e-02, y=5.818154e-01, z=-3.240400e-02, vx=-2.138958e-02, vy=-6.665781e-04, vz=1.750461e-03
p2: m=2.005736e-07, r=2.062721e-04, x=-7.321931e-02, y=5.819868e-01, z=-3.205398e-02, vx=-2.210675e-02, vy=-3.930779e-03, vz=5.480869e-04
Merged body: m=4.011472e-07, r=2.598866e-04, x=-7.327058e-02, y=5.819011e-01, z=-3.222899e-02, vx=-2.174817e-02, vy=-2.298678e-03, vz=1.149274e-03
COLLISION RESOLVED - Particles Remaining: 38
COLLISION TIME: 254205.333109 yrs
p1: m=4.011472e-07, r=2.598866e-04, x=-4.898220e-01, y=1.283492e+00, z=1.794703e-02, vx=-1.261635e-02, vy=-5.704676e-03, vz=9.500630e-05
p2: m=1.002868e-07, r=1.637183e-04, x=-4.897618e-01, y=1.283396e+00, z=1.755075e-02, vx=-1.423128e-02, vy=-4.651843e-03, vz=8.861043e-04
Merged body: m=5.014340e-07, r=2.799544e-04, x=-4.898099e-01, y=1.283473e+00, z=1.786778e-02, vx=-1.293934e-02, vy=-5.494109e-03, vz=2.532259e-04
COLLISION RESOLVED - Particles Remaining: 37
COLLISION TIME: 254920.551682 yrs
p1: m=5.014340e-08, r=1.299433e-04, x=1.605916e+00, y=7.110603e-02, z=-3.649924e-02, vx=2.789859e-04, vy=1.342882e-02, vz=6.323171e-04
p2: m=1.504302e-07, r=1.874107e-04, x=1.605998e+00, y=7.094846e-02, z=-3.624301e-02, vx=1.201998e-04, vy=1.410942e-02, vz=7.346197e-04
Merged body: m=2.005736e-07, r=2.062721e-04, x=1.605978e+00, y=7.098785e-02, z=-3.630707e-02, vx=1.598963e-04, vy=1.393927e-02, vz=7.090440e-04
COLLISION RESOLVED - Particles Remaining: 36
N_tot=  36        t=  94965000.000000  dt=  6.000000  cpu=  69.966324 [s]  t/tmax= 26.00%
COLLISION TIME: 265529.168937 yrs
p1: m=6.518642e-07, r=3.055402e-04, x=1.524972e+00, y=-4.375920e-01, z=5.095664e-02, vx=3.896647e-03, vy=1.285525e-02, vz=3.621868e-04
p2: m=2.005736e-07, r=2.062721e-04, x=1.525345e+00, y=-4.373062e-01, z=5.115279e-02, vx=2.886516e-03, vy=1.360985e-02, vz=3.766859e-04
Merged body: m=8.524378e-07, r=3.341208e-04, x=1.525060e+00, y=-4.375248e-01, z=5.100279e-02, vx=3.658969e-03, vy=1.303281e-02, vz=3.655983e-04
COLLISION RESOLVED - Particles Remaining: 35
N_tot=  35        t=  98617500.000000  dt=  6.000000  cpu=  72.081908 [s]  t/tmax= 27.00%
COLLISION TIME: 274424.748038 yrs
p1: m=1.504302e-07, r=1.874107e-04, x=-1.444727e+00, y=-1.651808e-02, z=-6.945832e-02, vx=-5.266198e-05, vy=-1.350278e-02, vz=-7.988268e-04
p2: m=5.014340e-08, r=1.299433e-04, x=-1.444950e+00, y=-1.632958e-02, z=-6.934523e-02, vx=9.210563e-04, vy=-1.496736e-02, vz=2.433788e-04
Merged body: m=2.005736e-07, r=2.062721e-04, x=-1.444783e+00, y=-1.647096e-02, z=-6.943005e-02, vx=1.907676e-04, vy=-1.386892e-02, vz=-5.382754e-04
COLLISION RESOLVED - Particles Remaining: 34
COLLISION TIME: 274696.153333 yrs
p1: m=5.014340e-07, r=2.799544e-04, x=-8.702637e-01, y=-9.035683e-01, z=-2.471701e-02, vx=1.187170e-02, vy=-9.786762e-03, vz=-7.053115e-04
p2: m=5.014340e-08, r=1.299433e-04, x=-8.702940e-01, y=-9.031646e-01, z=-2.466111e-02, vx=1.225907e-02, vy=-1.107316e-02, vz=-6.052686e-05
Merged body: m=5.515774e-07, r=2.889913e-04, x=-8.702664e-01, y=-9.035316e-01, z=-2.471193e-02, vx=1.190691e-02, vy=-9.903707e-03, vz=-6.466948e-04
COLLISION RESOLVED - Particles Remaining: 33
N_tot=  33        t=  102270000.000000  dt=  6.000000  cpu=  72.950671 [s]  t/tmax= 28.00%
COLLISION TIME: 281573.215972 yrs
p1: m=1.002868e-06, r=3.527204e-04, x=-8.860934e-01, y=7.828002e-01, z=-5.992439e-03, vx=-1.012953e-02, vy=-1.195642e-02, vz=-8.666889e-04
p2: m=5.014340e-08, r=1.299433e-04, x=-8.859129e-01, y=7.831000e-01, z=-6.308735e-03, vx=-1.227876e-02, vy=-1.160655e-02, vz=-4.381999e-05
Merged body: m=1.053011e-06, r=3.585037e-04, x=-8.860848e-01, y=7.828144e-01, z=-6.007501e-03, vx=-1.023187e-02, vy=-1.193976e-02, vz=-8.275047e-04
COLLISION RESOLVED - Particles Remaining: 32
COLLISION TIME: 282967.658089 yrs
p1: m=5.014340e-08, r=1.299433e-04, x=-1.821848e+00, y=7.815634e-02, z=-9.168533e-03, vx=-2.267302e-03, vy=-1.273465e-02, vz=1.003657e-03
p2: m=5.014340e-08, r=1.299433e-04, x=-1.822047e+00, y=7.830190e-02, z=-9.133359e-03, vx=-1.685796e-03, vy=-1.264450e-02, vz=8.451931e-04
Merged body: m=1.002868e-07, r=1.637183e-04, x=-1.821947e+00, y=7.822912e-02, z=-9.150946e-03, vx=-1.976549e-03, vy=-1.268957e-02, vz=9.244250e-04
COLLISION RESOLVED - Particles Remaining: 31
N_tot=  31        t=  105922500.000000  dt=  6.000000  cpu=  70.684434 [s]  t/tmax= 29.00%
COLLISION TIME: 293659.243492 yrs
p1: m=1.504302e-07, r=1.874107e-04, x=1.114531e+00, y=1.618673e-01, z=4.392954e-02, vx=-4.226826e-03, vy=1.593669e-02, vz=-8.816045e-04
p2: m=1.053011e-06, r=3.585037e-04, x=1.114187e+00, y=1.618580e-01, z=4.351648e-02, vx=-2.287463e-03, vy=1.632397e-02, vz=-5.939522e-04
Merged body: m=1.203442e-06, r=3.748214e-04, x=1.114230e+00, y=1.618591e-01, z=4.356811e-02, vx=-2.529883e-03, vy=1.627556e-02, vz=-6.299087e-04
COLLISION RESOLVED - Particles Remaining: 30
N_tot=  30        t=  109575000.000000  dt=  6.000000  cpu=  67.313565 [s]  t/tmax= 30.00%
N_tot=  30        t=  113227500.000000  dt=  6.000000  cpu=  65.712289 [s]  t/tmax= 31.00%
N_tot=  30        t=  116880000.000000  dt=  6.000000  cpu=  65.795251 [s]  t/tmax= 32.00%
COLLISION TIME: 324062.965918 yrs
p1: m=1.203442e-06, r=3.748214e-04, x=7.287674e-01, y=9.401945e-01, z=3.004183e-02, vx=-1.192361e-02, vy=9.783992e-03, vz=1.082385e-03
p2: m=1.504302e-07, r=1.874107e-04, x=7.290174e-01, y=9.404603e-01, z=3.045892e-02, vx=-1.388627e-02, vy=8.735905e-03, vz=1.782037e-03
Merged body: m=1.353872e-06, r=3.898299e-04, x=7.287952e-01, y=9.402240e-01, z=3.008818e-02, vx=-1.214168e-02, vy=9.667538e-03, vz=1.160124e-03
COLLISION RESOLVED - Particles Remaining: 29
COLLISION TIME: 328362.545006 yrs
p1: m=8.524378e-07, r=3.341208e-04, x=3.968727e-01, y=1.558097e+00, z=-6.018060e-02, vx=-1.318259e-02, vy=3.513556e-03, vz=8.072335e-06
p2: m=5.014340e-08, r=1.299433e-04, x=3.964528e-01, y=1.558009e+00, z=-6.035345e-02, vx=-1.278635e-02, vy=5.617821e-03, vz=2.449762e-04
Merged body: m=9.025812e-07, r=3.405478e-04, x=3.968493e-01, y=1.558092e+00, z=-6.019021e-02, vx=-1.316058e-02, vy=3.630459e-03, vz=2.123366e-05
COLLISION RESOLVED - Particles Remaining: 28
N_tot=  28        t=  120532500.000000  dt=  6.000000  cpu=  65.496678 [s]  t/tmax= 33.00%
N_tot=  28        t=  124185000.000000  dt=  6.000000  cpu=  65.166846 [s]  t/tmax= 34.00%
N_tot=  28        t=  127837500.000000  dt=  6.000000  cpu=  65.022804 [s]  t/tmax= 35.00%
COLLISION TIME: 350191.749175 yrs
p1: m=4.011472e-07, r=2.598866e-04, x=-5.861457e-01, y=1.739183e-01, z=5.775436e-03, vx=-4.956323e-03, vy=-2.052138e-02, vz=-1.101432e-04
p2: m=6.017208e-07, r=2.974959e-04, x=-5.861095e-01, y=1.741956e-01, z=5.296911e-03, vx=-6.457461e-03, vy=-2.175491e-02, vz=1.010052e-03
Merged body: m=1.002868e-06, r=3.527204e-04, x=-5.861240e-01, y=1.740846e-01, z=5.488321e-03, vx=-5.857006e-03, vy=-2.126150e-02, vz=5.619740e-04
COLLISION RESOLVED - Particles Remaining: 27
N_tot=  27        t=  131490000.000000  dt=  6.000000  cpu=  63.496328 [s]  t/tmax= 36.00%
N_tot=  27        t=  135142500.000000  dt=  6.000000  cpu=  63.653662 [s]  t/tmax= 37.00%
COLLISION TIME: 379631.854343 yrs
p1: m=5.014340e-08, r=1.299433e-04, x=-1.462124e+00, y=3.840772e-01, z=2.029868e-02, vx=-3.973537e-03, vy=-1.250924e-02, vz=1.660987e-04
p2: m=5.014340e-08, r=1.299433e-04, x=-1.462036e+00, y=3.843048e-01, z=2.037787e-02, vx=-4.846305e-03, vy=-1.463153e-02, vz=2.031972e-04
Merged body: m=1.002868e-07, r=1.637183e-04, x=-1.462080e+00, y=3.841910e-01, z=2.033827e-02, vx=-4.409921e-03, vy=-1.357039e-02, vz=1.846479e-04
COLLISION RESOLVED - Particles Remaining: 26
N_tot=  26        t=  138795000.000000  dt=  6.000000  cpu=  63.362674 [s]  t/tmax= 38.00%
N_tot=  26        t=  142447500.000000  dt=  6.000000  cpu=  62.701019 [s]  t/tmax= 39.00%
N_tot=  26        t=  146100000.000000  dt=  6.000000  cpu=  62.390221 [s]  t/tmax= 40.00%
N_tot=  26        t=  149752500.000000  dt=  6.000000  cpu=  62.393210 [s]  t/tmax= 41.00%
COLLISION TIME: 413486.983450 yrs
p1: m=5.515774e-07, r=2.889913e-04, x=9.228590e-01, y=1.093929e+00, z=7.190362e-02, vx=-1.044881e-02, vy=9.172247e-03, vz=2.625282e-04
p2: m=2.005736e-07, r=2.062721e-04, x=9.230944e-01, y=1.093660e+00, z=7.224240e-02, vx=-1.168613e-02, vy=9.145690e-03, vz=6.695332e-04
Merged body: m=7.521510e-07, r=3.204678e-04, x=9.229218e-01, y=1.093857e+00, z=7.199396e-02, vx=-1.077876e-02, vy=9.165165e-03, vz=3.710629e-04
COLLISION RESOLVED - Particles Remaining: 25
COLLISION TIME: 414474.122601 yrs
p1: m=5.014340e-08, r=1.299433e-04, x=7.482761e-01, y=-1.477790e+00, z=-6.562210e-02, vx=1.345246e-02, vy=5.351979e-03, vz=3.532197e-04
p2: m=9.025812e-07, r=3.405478e-04, x=7.487229e-01, y=-1.477685e+00, z=-6.555461e-02, vx=1.196380e-02, vy=5.594435e-03, vz=6.499156e-04
Merged body: m=9.527246e-07, r=3.467409e-04, x=7.486993e-01, y=-1.477691e+00, z=-6.555816e-02, vx=1.204215e-02, vy=5.581674e-03, vz=6.343000e-04
COLLISION RESOLVED - Particles Remaining: 24
N_tot=  24        t=  153405000.000000  dt=  6.000000  cpu=  61.167261 [s]  t/tmax= 42.00%
COLLISION TIME: 424223.210843 yrs
p1: m=3.008604e-07, r=2.361227e-04, x=-8.037735e-01, y=-1.287517e+00, z=-5.032627e-02, vx=1.185160e-02, vy=-6.704721e-03, vz=1.455649e-03
p2: m=9.527246e-07, r=3.467409e-04, x=-8.032511e-01, y=-1.287404e+00, z=-5.009393e-02, vx=1.223850e-02, vy=-7.786378e-03, vz=8.395491e-04
Merged body: m=1.253585e-06, r=3.799565e-04, x=-8.033765e-01, y=-1.287431e+00, z=-5.014969e-02, vx=1.214565e-02, vy=-7.526781e-03, vz=9.874130e-04
COLLISION RESOLVED - Particles Remaining: 23
N_tot=  23        t=  157057500.000000  dt=  6.000000  cpu=  58.362945 [s]  t/tmax= 43.00%
N_tot=  23        t=  160710000.000000  dt=  6.000000  cpu=  56.761329 [s]  t/tmax= 44.00%
COLLISION TIME: 443587.747144 yrs
p1: m=5.014340e-08, r=1.299433e-04, x=-1.500772e-01, y=3.686496e-01, z=-2.320052e-03, vx=-2.312962e-02, vy=-1.049855e-02, vz=1.670375e-03
p2: m=5.014340e-08, r=1.299433e-04, x=-1.499463e-01, y=3.686124e-01, z=-2.100756e-03, vx=-2.645087e-02, vy=-9.079019e-03, vz=-2.296909e-03
Merged body: m=1.002868e-07, r=1.637183e-04, x=-1.500118e-01, y=3.686310e-01, z=-2.210404e-03, vx=-2.479024e-02, vy=-9.788787e-03, vz=-3.132669e-04
COLLISION RESOLVED - Particles Remaining: 22
COLLISION TIME: 443887.761805 yrs
p1: m=1.253585e-06, r=3.799565e-04, x=1.548827e+00, y=-1.258769e-01, z=-8.397347e-02, vx=6.271885e-04, vy=1.396104e-02, vz=-6.089982e-04
p2: m=1.002868e-07, r=1.637183e-04, x=1.548845e+00, y=-1.260238e-01, z=-8.345979e-02, vx=1.401160e-03, vy=1.401056e-02, vz=-2.226057e-03
Merged body: m=1.353872e-06, r=3.898299e-04, x=1.548828e+00, y=-1.258878e-01, z=-8.393542e-02, vx=6.845197e-04, vy=1.396471e-02, vz=-7.287804e-04
COLLISION RESOLVED - Particles Remaining: 21
N_tot=  21        t=  164362500.000000  dt=  6.000000  cpu=  44.104705 [s]  t/tmax= 45.00%
N_tot=  21        t=  168015000.000000  dt=  6.000000  cpu=  37.473813 [s]  t/tmax= 46.00%
N_tot=  21        t=  171667500.000000  dt=  6.000000  cpu=  37.652044 [s]  t/tmax= 47.00%
N_tot=  21        t=  175320000.000000  dt=  6.000000  cpu=  37.968077 [s]  t/tmax= 48.00%
N_tot=  21        t=  178972500.000000  dt=  6.000000  cpu=  37.921422 [s]  t/tmax= 49.00%
N_tot=  21        t=  182625000.000000  dt=  6.000000  cpu=  37.861970 [s]  t/tmax= 50.00%
N_tot=  21        t=  186277500.000000  dt=  6.000000  cpu=  38.314198 [s]  t/tmax= 51.00%
N_tot=  21        t=  189930000.000000  dt=  6.000000  cpu=  38.337378 [s]  t/tmax= 52.00%
N_tot=  21        t=  193582500.000000  dt=  6.000000  cpu=  38.543580 [s]  t/tmax= 53.00%
N_tot=  21        t=  197235000.000000  dt=  6.000000  cpu=  38.684034 [s]  t/tmax= 54.00%
N_tot=  21        t=  200887500.000000  dt=  6.000000  cpu=  38.949533 [s]  t/tmax= 55.00%
COLLISION TIME: 552152.252281 yrs
p1: m=5.014340e-08, r=1.299433e-04, x=4.576584e-01, y=1.590253e+00, z=-1.371432e-01, vx=-1.349462e-02, vy=4.519093e-03, vz=4.691593e-04
p2: m=1.353872e-06, r=3.898299e-04, x=4.578897e-01, y=1.590702e+00, z=-1.371923e-01, vx=-1.274718e-02, vy=3.346072e-03, vz=3.274186e-04
Merged body: m=1.404015e-06, r=3.945844e-04, x=4.578815e-01, y=1.590686e+00, z=-1.371905e-01, vx=-1.277388e-02, vy=3.387965e-03, vz=3.324807e-04
COLLISION RESOLVED - Particles Remaining: 20
N_tot=  20        t=  204540000.000000  dt=  6.000000  cpu=  38.767520 [s]  t/tmax= 56.00%
N_tot=  20        t=  208192500.000000  dt=  6.000000  cpu=  38.701204 [s]  t/tmax= 57.00%
N_tot=  20        t=  211845000.000000  dt=  6.000000  cpu=  38.981493 [s]  t/tmax= 58.00%
COLLISION TIME: 586367.900635 yrs
p1: m=3.008604e-07, r=2.361227e-04, x=-1.903408e+00, y=2.881569e-01, z=-1.265500e-01, vx=-2.266332e-03, vy=-1.220874e-02, vz=3.539578e-04
p2: m=1.002868e-07, r=1.637183e-04, x=-1.903693e+00, y=2.881564e-01, z=-1.262803e-01, vx=-2.597338e-03, vy=-1.133326e-02, vz=-5.251496e-04
Merged body: m=4.011472e-07, r=2.598866e-04, x=-1.903479e+00, y=2.881568e-01, z=-1.264826e-01, vx=-2.349083e-03, vy=-1.198987e-02, vz=1.341810e-04
COLLISION RESOLVED - Particles Remaining: 19
N_tot=  19        t=  215497500.000000  dt=  6.000000  cpu=  38.666270 [s]  t/tmax= 59.00%
N_tot=  19        t=  219150000.000000  dt=  6.000000  cpu=  38.306965 [s]  t/tmax= 60.00%
N_tot=  19        t=  222802500.000000  dt=  6.000000  cpu=  38.577083 [s]  t/tmax= 61.00%
N_tot=  19        t=  226455000.000000  dt=  6.000000  cpu=  38.713221 [s]  t/tmax= 62.00%
N_tot=  19        t=  230107500.000000  dt=  6.000000  cpu=  38.897841 [s]  t/tmax= 63.00%
N_tot=  19        t=  233760000.000000  dt=  6.000000  cpu=  38.759369 [s]  t/tmax= 64.00%
N_tot=  19        t=  237412500.000000  dt=  6.000000  cpu=  38.995147 [s]  t/tmax= 65.00%
N_tot=  19        t=  241065000.000000  dt=  6.000000  cpu=  39.071254 [s]  t/tmax= 66.00%
N_tot=  19        t=  244717500.000000  dt=  6.000000  cpu=  39.178741 [s]  t/tmax= 67.00%
N_tot=  19        t=  248370000.000000  dt=  6.000000  cpu=  39.277536 [s]  t/tmax= 68.00%
N_tot=  19        t=  252022500.000000  dt=  6.000000  cpu=  39.066807 [s]  t/tmax= 69.00%
COLLISION TIME: 691883.718802 yrs
p1: m=7.521510e-07, r=3.204678e-04, x=1.257765e-01, y=1.279593e+00, z=2.466393e-02, vx=-1.554574e-02, vy=3.500905e-04, vz=6.946182e-04
p2: m=1.002868e-07, r=1.637183e-04, x=1.260427e-01, y=1.279349e+00, z=2.496465e-02, vx=-1.645440e-02, vy=4.585652e-04, vz=-1.724408e-03
Merged body: m=8.524378e-07, r=3.341208e-04, x=1.258078e-01, y=1.279564e+00, z=2.469931e-02, vx=-1.565264e-02, vy=3.628522e-04, vz=4.100269e-04
COLLISION RESOLVED - Particles Remaining: 18
N_tot=  18        t=  255675000.000000  dt=  6.000000  cpu=  38.662509 [s]  t/tmax= 70.00%
N_tot=  18        t=  259327500.000000  dt=  6.000000  cpu=  38.512486 [s]  t/tmax= 71.00%
N_tot=  18        t=  262980000.000000  dt=  6.000000  cpu=  38.741817 [s]  t/tmax= 72.00%
N_tot=  18        t=  266632500.000000  dt=  6.000000  cpu=  38.414836 [s]  t/tmax= 73.00%
N_tot=  18        t=  270285000.000000  dt=  6.000000  cpu=  38.291519 [s]  t/tmax= 74.00%
N_tot=  18        t=  273937500.000000  dt=  6.000000  cpu=  38.536928 [s]  t/tmax= 75.00%
N_tot=  18        t=  277590000.000000  dt=  6.000000  cpu=  38.132797 [s]  t/tmax= 76.00%
N_tot=  18        t=  281242500.000000  dt=  6.000000  cpu=  38.030251 [s]  t/tmax= 77.00%
N_tot=  18        t=  284895000.000000  dt=  6.000000  cpu=  37.989720 [s]  t/tmax= 78.00%
N_tot=  18        t=  288547500.000000  dt=  6.000000  cpu=  38.155966 [s]  t/tmax= 79.00%
N_tot=  18        t=  292200000.000000  dt=  6.000000  cpu=  38.458644 [s]  t/tmax= 80.00%
N_tot=  18        t=  295852500.000000  dt=  6.000000  cpu=  38.742531 [s]  t/tmax= 81.00%
N_tot=  18        t=  299505000.000000  dt=  6.000000  cpu=  40.069003 [s]  t/tmax= 82.00%
N_tot=  18        t=  303157500.000000  dt=  6.000000  cpu=  40.738203 [s]  t/tmax= 83.00%
N_tot=  18        t=  306810000.000000  dt=  6.000000  cpu=  40.464348 [s]  t/tmax= 84.00%
N_tot=  18        t=  310462500.000000  dt=  6.000000  cpu=  40.908218 [s]  t/tmax= 85.00%
COLLISION TIME: 850892.579190 yrs
p1: m=1.000000e+00, r=2.000000e-01, x=0.000000e+00, y=0.000000e+00, z=0.000000e+00, vx=5.733598e-06, vy=-6.098184e-06, vz=-1.788434e-08
p2: m=5.014340e-08, r=1.299433e-04, x=-1.962638e-01, y=-3.904790e-02, z=-6.750242e-04, vx=1.058149e-02, vy=-5.174961e-02, vz=5.833422e-03
Merged body: m=1.000000e+00, r=2.000000e-01, x=-9.841336e-09, y=-1.957995e-09, z=-3.384801e-11, vx=5.734129e-06, vy=-6.100778e-06, vz=-1.759183e-08
COLLISION RESOLVED - Particles Remaining: 17
N_tot=  17        t=  314115000.000000  dt=  6.000000  cpu=  38.623414 [s]  t/tmax= 86.00%
N_tot=  17        t=  317767500.000000  dt=  6.000000  cpu=  38.005559 [s]  t/tmax= 87.00%
COLLISION TIME: 879741.491285 yrs
p1: m=5.014340e-08, r=1.299433e-04, x=-1.627329e+00, y=1.485322e+00, z=-1.177933e-01, vx=-4.425788e-03, vy=-9.582510e-03, vz=1.069074e-04
p2: m=1.002868e-07, r=1.637183e-04, x=-1.627092e+00, y=1.485295e+00, z=-1.176262e-01, vx=-9.173622e-03, vy=-6.187979e-03, vz=-6.383467e-04
Merged body: m=1.504302e-07, r=1.874107e-04, x=-1.627171e+00, y=1.485304e+00, z=-1.176819e-01, vx=-7.591010e-03, vy=-7.319489e-03, vz=-3.899286e-04
COLLISION RESOLVED - Particles Remaining: 16
N_tot=  16        t=  321420000.000000  dt=  6.000000  cpu=  36.837507 [s]  t/tmax= 88.00%
N_tot=  16        t=  325072500.000000  dt=  6.000000  cpu=  35.237145 [s]  t/tmax= 89.00%
N_tot=  16        t=  328725000.000000  dt=  6.000000  cpu=  35.388554 [s]  t/tmax= 90.00%
N_tot=  16        t=  332377500.000000  dt=  6.000000  cpu=  35.019569 [s]  t/tmax= 91.00%
N_tot=  16        t=  336030000.000000  dt=  6.000000  cpu=  34.813310 [s]  t/tmax= 92.00%
N_tot=  16        t=  339682500.000000  dt=  6.000000  cpu=  34.717240 [s]  t/tmax= 93.00%
N_tot=  16        t=  343335000.000000  dt=  6.000000  cpu=  34.622671 [s]  t/tmax= 94.00%
N_tot=  16        t=  346987500.000000  dt=  6.000000  cpu=  35.435036 [s]  t/tmax= 95.00%
N_tot=  16        t=  350640000.000000  dt=  6.000000  cpu=  36.594548 [s]  t/tmax= 96.00%
COLLISION TIME: 968335.823743 yrs
p1: m=2.005736e-07, r=2.062721e-04, x=-1.631214e+00, y=-4.471331e-01, z=-8.207625e-02, vx=3.736983e-03, vy=-1.256310e-02, vz=5.108573e-04
p2: m=1.504302e-07, r=1.874107e-04, x=-1.631028e+00, y=-4.473451e-01, z=-8.180391e-02, vx=1.750415e-03, vy=-1.382565e-02, vz=-5.048672e-04
Merged body: m=3.510038e-07, r=2.485726e-04, x=-1.631135e+00, y=-4.472240e-01, z=-8.195953e-02, vx=2.885597e-03, vy=-1.310419e-02, vz=7.554681e-05
COLLISION RESOLVED - Particles Remaining: 15
N_tot=  15        t=  354292500.000000  dt=  6.000000  cpu=  36.445258 [s]  t/tmax= 97.00%
N_tot=  15        t=  357945000.000000  dt=  6.000000  cpu=  35.946057 [s]  t/tmax= 98.00%
N_tot=  15        t=  361597500.000000  dt=  6.000000  cpu=  34.284642 [s]  t/tmax= 99.00%
COLLISION TIME: 997405.897789 yrs
p1: m=1.353872e-06, r=3.898299e-04, x=2.300612e-01, y=-1.224472e+00, z=5.452846e-03, vx=1.466125e-02, vy=2.923736e-03, vz=2.456090e-04
p2: m=1.002868e-07, r=1.637183e-04, x=2.297730e-01, y=-1.224165e+00, z=5.795553e-03, vx=1.595670e-02, vy=3.628730e-03, vz=-1.222985e-03
Merged body: m=1.454159e-06, r=3.992270e-04, x=2.300413e-01, y=-1.224451e+00, z=5.476481e-03, vx=1.475059e-02, vy=2.972356e-03, vz=1.443266e-04
COLLISION RESOLVED - Particles Remaining: 14
N_tot=  14        t=  365250000.000000  dt=  6.000000  cpu=  35.159362 [s]  t/tmax= 100.00%
./rebound  ~/Projects/collresolve/rebound_connection/data/raw/sim_01_frag.bin  6292.07s user 1.54s system 99% cpu 1:44:54.71 total