INITIAL TIME: 0.000000
N_tot=  156       t=  0.000000  dt=  6.000000  cpu=  0.000000 [s]  t/tmax=  0.00%
N_tot=  156       t=  182628.000000  dt=  6.000000  cpu=  49.031299 [s]  t/tmax= 10.00%
N_tot=  156       t=  365250.000000  dt=  6.000000  cpu=  51.820796 [s]  t/tmax= 20.00%
N_tot=  156       t=  547878.000000  dt=  6.000000  cpu=  33.362318 [s]  t/tmax= 30.00%
N_tot=  156       t=  730500.000000  dt=  6.000000  cpu=  36.507818 [s]  t/tmax= 40.00%
N_tot=  156       t=  913128.000000  dt=  6.000000  cpu=  33.716921 [s]  t/tmax= 50.00%
COLLISION TIME: 2715.574078 yrs
pid 108: m=5.014340e-08, r=1.299433e-05, x=1.266488e+00, y=8.125285e-01, z=5.007678e-03, vx=-7.707484e-03, vy=1.147186e-02, vz=7.320385e-04
pid 106: m=5.014340e-08, r=1.299433e-05, x=1.266467e+00, y=8.125127e-01, z=5.007451e-03, vx=-7.468729e-03, vy=1.200372e-02, vz=-6.610462e-04
Debris Energy Lost: -4.123136e-17
108 merged 106: m=1.002868e-07, r=1.622873e-05, x=1.266478e+00, y=8.125206e-01, z=5.007564e-03, vx=-7.588107e-03, vy=1.173779e-02, vz=3.549612e-05
COLLISION RESOLVED - Particles Remaining: 155
N_tot=  155       t=  1095750.000000  dt=  6.000000  cpu=  40.386911 [s]  t/tmax= 60.00%
COLLISION TIME: 3196.584531 yrs
pid 39: m=5.014340e-08, r=1.299433e-05, x=6.516240e-01, y=-5.213326e-01, z=-1.196463e-03, vx=1.121401e-02, vy=1.459450e-02, vz=-2.363945e-04
pid 44: m=5.014340e-08, r=1.299433e-05, x=6.516014e-01, y=-5.213450e-01, z=-1.192715e-03, vx=1.261821e-02, vy=1.503565e-02, vz=1.943361e-04
Debris Energy Lost: -5.655147e-14
39 merged 44: m=9.995674e-08, r=1.621164e-05, x=6.516127e-01, y=-5.213388e-01, z=-1.194589e-03, vx=1.191611e-02, vy=1.481507e-02, vz=-2.102921e-05
COLLISION RESOLVED - Particles Remaining: 154
COLLISION TIME: 3214.119295 yrs
pid 130: m=5.014340e-08, r=1.299433e-05, x=1.732362e+00, y=-4.690793e-01, z=3.508909e-03, vx=3.006122e-03, vy=1.172955e-02, vz=-8.786974e-05
pid 133: m=5.014340e-08, r=1.299433e-05, x=1.732362e+00, y=-4.691046e-01, z=3.502962e-03, vx=3.726875e-03, vy=1.303138e-02, vz=2.171573e-04
Debris Energy Lost: -3.227383e-15
130 merged 133: m=1.002442e-07, r=1.622653e-05, x=1.732362e+00, y=-4.690920e-01, z=3.505935e-03, vx=3.366498e-03, vy=1.238046e-02, vz=6.464377e-05
COLLISION RESOLVED - Particles Remaining: 153
N_tot=  153       t=  1278378.000000  dt=  6.000000  cpu=  37.574052 [s]  t/tmax= 70.00%
N_tot=  153       t=  1461000.000000  dt=  6.000000  cpu=  42.492685 [s]  t/tmax= 80.00%
N_tot=  153       t=  1643628.000000  dt=  6.000000  cpu=  32.889550 [s]  t/tmax= 90.00%
N_tot=  153       t=  1826250.000000  dt=  6.000000  cpu=  32.427621 [s]  t/tmax= 100.00%
