INITIAL TIME: 0.000000
N_tot=  156       t=  0.000000  dt=  6.000000  cpu=  0.000000 [s]  t/tmax=  0.00%
N_tot=  156       t=  182628.000000  dt=  6.000000  cpu=  43.170879 [s]  t/tmax= 10.00%
N_tot=  156       t=  365250.000000  dt=  6.000000  cpu=  48.585973 [s]  t/tmax= 20.00%
COLLISION TIME: 1126.323776 yrs
pid 37: m=5.014340e-08, r=1.299433e-05, x=8.030739e-01, y=-1.497173e-02, z=-1.539462e-03, vx=-3.521203e-04, vy=1.900501e-02, vz=1.294595e-05
pid 34: m=5.014340e-08, r=1.299433e-05, x=8.030532e-01, y=-1.497663e-02, z=-1.554453e-03, vx=1.102325e-03, vy=1.938292e-02, vz=-7.614460e-05
Debris Energy Lost: -2.208414e-16
37 merged 34: m=1.002868e-07, r=1.622873e-05, x=8.030636e-01, y=-1.497418e-02, z=-1.546958e-03, vx=3.751024e-04, vy=1.919396e-02, vz=-3.159933e-05
COLLISION RESOLVED - Particles Remaining: 155
N_tot=  155       t=  547878.000000  dt=  6.000000  cpu=  33.998108 [s]  t/tmax= 30.00%
COLLISION TIME: 1996.769210 yrs
pid 95: m=5.014340e-08, r=1.299433e-05, x=-8.204840e-01, y=-1.091161e+00, z=4.082031e-03, vx=1.117696e-02, vy=-8.737224e-03, vz=3.314420e-04
pid 96: m=5.014340e-08, r=1.299433e-05, x=-8.204935e-01, y=-1.091155e+00, z=4.105428e-03, vx=1.254375e-02, vy=-8.726710e-03, vz=-3.078737e-04
Debris Energy Lost: -8.551320e-17
95 merged 96: m=1.002868e-07, r=1.622873e-05, x=-8.204888e-01, y=-1.091158e+00, z=4.093730e-03, vx=1.186035e-02, vy=-8.731967e-03, vz=1.178411e-05
COLLISION RESOLVED - Particles Remaining: 154
N_tot=  154       t=  730500.000000  dt=  6.000000  cpu=  31.465619 [s]  t/tmax= 40.00%
COLLISION TIME: 2134.457106 yrs
pid 29: m=5.014340e-08, r=1.299433e-05, x=-3.664373e-01, y=6.755947e-01, z=1.949633e-03, vx=-1.685927e-02, vy=-9.806855e-03, vz=3.886893e-04
pid 30: m=5.014340e-08, r=1.299433e-05, x=-3.664353e-01, y=6.755692e-01, z=1.953872e-03, vx=-1.752752e-02, vy=-8.685789e-03, vz=-3.636445e-04
Debris Energy Lost: -1.810445e-16
29 merged 30: m=1.002868e-07, r=1.622873e-05, x=-3.664363e-01, y=6.755820e-01, z=1.951753e-03, vx=-1.719340e-02, vy=-9.246322e-03, vz=1.252239e-05
COLLISION RESOLVED - Particles Remaining: 153
N_tot=  153       t=  913128.000000  dt=  6.000000  cpu=  31.946591 [s]  t/tmax= 50.00%
COLLISION TIME: 2602.763983 yrs
pid 35: m=5.014340e-08, r=1.299433e-05, x=5.733367e-01, y=5.540201e-01, z=3.874898e-03, vx=-1.386196e-02, vy=1.386164e-02, vz=5.775864e-04
pid 32: m=5.014340e-08, r=1.299433e-05, x=5.733376e-01, y=5.540350e-01, z=3.896187e-03, vx=-1.289559e-02, vy=1.351831e-02, vz=-5.301508e-04
Debris Energy Lost: -6.237120e-17
35 merged 32: m=1.002868e-07, r=1.622873e-05, x=5.733371e-01, y=5.540276e-01, z=3.885543e-03, vx=-1.337877e-02, vy=1.368997e-02, vz=2.371782e-05
COLLISION RESOLVED - Particles Remaining: 152
N_tot=  152       t=  1095750.000000  dt=  6.000000  cpu=  40.635728 [s]  t/tmax= 60.00%
N_tot=  152       t=  1278378.000000  dt=  6.000000  cpu=  38.811351 [s]  t/tmax= 70.00%
N_tot=  152       t=  1461000.000000  dt=  6.000000  cpu=  37.873052 [s]  t/tmax= 80.00%
N_tot=  152       t=  1643628.000000  dt=  6.000000  cpu=  42.957253 [s]  t/tmax= 90.00%
N_tot=  152       t=  1826250.000000  dt=  6.000000  cpu=  31.158916 [s]  t/tmax= 100.00%
