INITIAL TIME: 0.000000
N_tot=  156       t=  0.000000  dt=  6.000000  cpu=  0.000000 [s]  t/tmax=  0.00%
N_tot=  156       t=  182628.000000  dt=  6.000000  cpu=  41.777393 [s]  t/tmax= 10.00%
N_tot=  156       t=  365250.000000  dt=  6.000000  cpu=  48.354648 [s]  t/tmax= 20.00%
COLLISION TIME: 1126.323776 yrs
pid 37: m=5.014340e-08, r=1.299433e-05, x=8.030739e-01, y=-1.497173e-02, z=-1.539462e-03, vx=-3.521203e-04, vy=1.900501e-02, vz=1.294595e-05
pid 34: m=5.014340e-08, r=1.299433e-05, x=8.030532e-01, y=-1.497663e-02, z=-1.554453e-03, vx=1.102325e-03, vy=1.938292e-02, vz=-7.614460e-05
Debris Energy Lost: -2.208414e-16
37 merged 34: m=1.002868e-07, r=1.622873e-05, x=8.030636e-01, y=-1.497418e-02, z=-1.546958e-03, vx=3.751024e-04, vy=1.919396e-02, vz=-3.159933e-05
COLLISION RESOLVED - Particles Remaining: 155
N_tot=  155       t=  547878.000000  dt=  6.000000  cpu=  34.196064 [s]  t/tmax= 30.00%
N_tot=  155       t=  730500.000000  dt=  6.000000  cpu=  30.069614 [s]  t/tmax= 40.00%
N_tot=  155       t=  913128.000000  dt=  6.000000  cpu=  30.440158 [s]  t/tmax= 50.00%
N_tot=  155       t=  1095750.000000  dt=  6.000000  cpu=  30.317020 [s]  t/tmax= 60.00%
N_tot=  155       t=  1278378.000000  dt=  6.000000  cpu=  30.060099 [s]  t/tmax= 70.00%
COLLISION TIME: 3526.699207 yrs
pid 85: m=5.014340e-08, r=1.299433e-05, x=1.184846e+00, y=3.222708e-01, z=-8.886486e-04, vx=-4.754247e-03, vy=1.490293e-02, vz=-3.286308e-04
pid 86: m=5.014340e-08, r=1.299433e-05, x=1.184827e+00, y=3.222858e-01, z=-8.985585e-04, vx=-3.392174e-03, vy=1.514336e-02, vz=3.390364e-04
Debris Energy Lost: 9.405951e-16
85 merged 86: m=1.002868e-07, r=1.622873e-05, x=1.184837e+00, y=3.222783e-01, z=-8.936035e-04, vx=-4.073211e-03, vy=1.502314e-02, vz=5.202761e-06
COLLISION RESOLVED - Particles Remaining: 154
N_tot=  154       t=  1461000.000000  dt=  6.000000  cpu=  43.443235 [s]  t/tmax= 80.00%
N_tot=  154       t=  1643628.000000  dt=  6.000000  cpu=  32.811286 [s]  t/tmax= 90.00%
N_tot=  154       t=  1826250.000000  dt=  6.000000  cpu=  33.938636 [s]  t/tmax= 100.00%
