INITIAL TIME: 0.000000
N_tot=  156       t=  0.000000  dt=  6.000000  cpu=  0.000000 [s]  t/tmax=  0.00%
N_tot=  156       t=  182628.000000  dt=  6.000000  cpu=  49.271277 [s]  t/tmax= 10.00%
N_tot=  156       t=  365250.000000  dt=  6.000000  cpu=  51.784683 [s]  t/tmax= 20.00%
N_tot=  156       t=  547878.000000  dt=  6.000000  cpu=  33.342896 [s]  t/tmax= 30.00%
N_tot=  156       t=  730500.000000  dt=  6.000000  cpu=  36.389039 [s]  t/tmax= 40.00%
N_tot=  156       t=  913128.000000  dt=  6.000000  cpu=  33.714202 [s]  t/tmax= 50.00%
COLLISION TIME: 2715.574078 yrs
pid 108: m=5.014340e-08, r=1.299433e-05, x=1.266488e+00, y=8.125285e-01, z=5.007678e-03, vx=-7.707484e-03, vy=1.147186e-02, vz=7.320385e-04
pid 106: m=5.014340e-08, r=1.299433e-05, x=1.266467e+00, y=8.125127e-01, z=5.007451e-03, vx=-7.468729e-03, vy=1.200372e-02, vz=-6.610462e-04
Debris Energy Lost: -4.123136e-17
108 merged 106: m=1.002868e-07, r=1.622873e-05, x=1.266478e+00, y=8.125206e-01, z=5.007564e-03, vx=-7.588107e-03, vy=1.173779e-02, vz=3.549612e-05
COLLISION RESOLVED - Particles Remaining: 155
N_tot=  155       t=  1095750.000000  dt=  6.000000  cpu=  40.726359 [s]  t/tmax= 60.00%
COLLISION TIME: 3196.584531 yrs
pid 44: m=5.014340e-08, r=1.299433e-05, x=6.516014e-01, y=-5.213450e-01, z=-1.192715e-03, vx=1.261821e-02, vy=1.503565e-02, vz=1.943361e-04
pid 39: m=5.014340e-08, r=1.299433e-05, x=6.516240e-01, y=-5.213326e-01, z=-1.196463e-03, vx=1.121401e-02, vy=1.459450e-02, vz=-2.363945e-04
Debris Energy Lost: -5.655147e-14
44 merged 39: m=9.995674e-08, r=1.621164e-05, x=6.516127e-01, y=-5.213388e-01, z=-1.194589e-03, vx=1.191611e-02, vy=1.481507e-02, vz=-2.102921e-05
COLLISION RESOLVED - Particles Remaining: 154
COLLISION TIME: 3214.119295 yrs
pid 133: m=5.014340e-08, r=1.299433e-05, x=1.732362e+00, y=-4.691047e-01, z=3.502961e-03, vx=3.726875e-03, vy=1.303135e-02, vz=2.171515e-04
pid 130: m=5.014340e-08, r=1.299433e-05, x=1.732362e+00, y=-4.690794e-01, z=3.508909e-03, vx=3.006122e-03, vy=1.172957e-02, vz=-8.786394e-05
Debris Energy Lost: -3.227378e-15
133 merged 130: m=1.002442e-07, r=1.622653e-05, x=1.732362e+00, y=-4.690920e-01, z=3.505935e-03, vx=3.366499e-03, vy=1.238046e-02, vz=6.464377e-05
COLLISION RESOLVED - Particles Remaining: 153
N_tot=  153       t=  1278378.000000  dt=  6.000000  cpu=  50.475928 [s]  t/tmax= 70.00%
N_tot=  153       t=  1461000.000000  dt=  6.000000  cpu=  37.642608 [s]  t/tmax= 80.00%
N_tot=  153       t=  1643628.000000  dt=  6.000000  cpu=  31.978145 [s]  t/tmax= 90.00%
COLLISION TIME: 4759.403516 yrs
pid 26: m=5.014340e-08, r=1.299433e-05, x=-4.275589e-01, y=5.531093e-01, z=7.451823e-04, vx=-1.655705e-02, vy=-1.263207e-02, vz=7.579452e-04
pid 23: m=5.014340e-08, r=1.299433e-05, x=-4.275763e-01, y=5.531124e-01, z=7.642287e-04, vx=-1.601536e-02, vy=-1.276855e-02, vz=-6.627425e-04
Debris Energy Lost: -1.636977e-13
26 merged 23: m=9.950479e-08, r=1.618817e-05, x=-4.275676e-01, y=5.531109e-01, z=7.547055e-04, vx=-1.628621e-02, vy=-1.270031e-02, vz=4.760139e-05
COLLISION RESOLVED - Particles Remaining: 152
N_tot=  152       t=  1826250.000000  dt=  6.000000  cpu=  35.175736 [s]  t/tmax= 100.00%
