INITIAL TIME: 0.000000
N_tot=  156       t=  0.000000  dt=  0.001000  cpu=  0.000000 [s]  t/tmax=  0.00%
N_tot=  156       t=  0.001000  dt=  0.004000  cpu=  0.003841 [s]  t/tmax=  0.00%
N_tot=  156       t=  0.005000  dt=  0.011458  cpu=  0.003224 [s]  t/tmax=  0.00%
N_tot=  156       t=  0.016458  dt=  0.028878  cpu=  0.002138 [s]  t/tmax=  0.00%
N_tot=  156       t=  0.045336  dt=  0.072383  cpu=  0.002217 [s]  t/tmax=  0.00%
N_tot=  156       t=  0.117719  dt=  0.152204  cpu=  0.003188 [s]  t/tmax=  0.00%
N_tot=  156       t=  0.269923  dt=  0.446918  cpu=  0.003107 [s]  t/tmax=  0.00%
N_tot=  156       t=  0.716841  dt=  1.787670  cpu=  0.003111 [s]  t/tmax=  0.00%
COLLISION TIME: 44.261388 yrs
pid 89: m=5.014340e-08, r=1.299433e-05, x=1.148155e+00, y=2.008266e-01, z=-2.298408e-03, vx=-4.018981e-03, vy=1.502662e-02, vz=-6.755691e-04
pid 88: m=5.014340e-08, r=1.299433e-05, x=1.148169e+00, y=2.008371e-01, z=-2.317338e-03, vx=-3.398860e-03, vy=1.478657e-02, vz=6.790998e-04
Debris Energy Lost: -8.151633e-17
89 merged 88: m=1.002868e-07, r=1.622873e-05, x=1.148162e+00, y=2.008319e-01, z=-2.307873e-03, vx=-3.708921e-03, vy=1.490659e-02, vz=1.765343e-06
COLLISION RESOLVED - Particles Remaining: 155
N_tot=  155       t=  182627.124238  dt=  2.312115  cpu=  534.993829 [s]  t/tmax= 10.00%
N_tot=  155       t=  365250.628516  dt=  2.035637  cpu=  794.693193 [s]  t/tmax= 20.00%
COLLISION TIME: 1173.787766 yrs
pid 150: m=5.014340e-08, r=1.299433e-05, x=-3.077744e+00, y=-4.123243e+00, z=-1.386484e-02, vx=8.664584e-03, vy=-8.581483e-03, vz=4.030726e-04
pid 151: m=5.014340e-08, r=1.299433e-05, x=-3.077767e+00, y=-4.123240e+00, z=-1.385289e-02, vx=9.762644e-03, vy=-7.960346e-03, vz=-4.293683e-04
Debris Energy Lost: 8.261245e-18
150 merged 151: m=1.002868e-07, r=1.622873e-05, x=-3.077755e+00, y=-4.123241e+00, z=-1.385886e-02, vx=9.213614e-03, vy=-8.270914e-03, vz=-1.314783e-05
COLLISION RESOLVED - Particles Remaining: 154
N_tot=  154       t=  547876.849267  dt=  2.255127  cpu=  433.054142 [s]  t/tmax= 30.00%
N_tot=  154       t=  730500.180612  dt=  2.126866  cpu=  175.829320 [s]  t/tmax= 40.00%
COLLISION TIME: 2102.230705 yrs
pid 16: m=5.014340e-08, r=1.299433e-05, x=-3.044740e+00, y=-5.433134e+00, z=-3.105383e-02, vx=2.106941e-02, vy=3.554101e-03, vz=-4.817947e-04
pid 20: m=5.014340e-08, r=1.299433e-05, x=-3.044730e+00, y=-5.433151e+00, z=-3.107081e-02, vx=2.065355e-02, vy=4.576136e-03, vz=5.908602e-04
Debris Energy Lost: -4.684019e-13
16 merged 20: m=9.821777e-08, r=1.612093e-05, x=-3.044735e+00, y=-5.433143e+00, z=-3.106232e-02, vx=2.086148e-02, vy=4.065119e-03, vz=5.453273e-05
COLLISION RESOLVED - Particles Remaining: 153
N_tot=  153       t=  913126.243651  dt=  2.144129  cpu=  438.514038 [s]  t/tmax= 50.00%
COLLISION TIME: 2985.406070 yrs
pid 36: m=5.014340e-08, r=1.299433e-05, x=-4.554023e+00, y=-5.977724e+00, z=-4.653489e-02, vx=-1.908279e-02, vy=-1.921143e-03, vz=4.127235e-04
pid 37: m=5.014340e-08, r=1.299433e-05, x=-4.554012e+00, y=-5.977747e+00, z=-4.653365e-02, vx=-1.866028e-02, vy=-6.481035e-04, vz=-3.299052e-04
Debris Energy Lost: 8.335147e-16
36 merged 37: m=1.002868e-07, r=1.622873e-05, x=-4.554018e+00, y=-5.977735e+00, z=-4.653427e-02, vx=-1.887154e-02, vy=-1.284623e-03, vz=4.140916e-05
COLLISION RESOLVED - Particles Remaining: 152
N_tot=  152       t=  1095750.343328  dt=  2.231227  cpu=  372.623109 [s]  t/tmax= 60.00%
N_tot=  152       t=  1278376.317139  dt=  1.996350  cpu=  200.121485 [s]  t/tmax= 70.00%
N_tot=  152       t=  1461001.107048  dt=  2.330702  cpu=  544.731328 [s]  t/tmax= 80.00%
COLLISION TIME: 4049.498707 yrs
pid 14: m=5.014340e-08, r=1.299433e-05, x=-5.722618e+00, y=-8.726520e+00, z=-6.193013e-02, vx=-1.705687e-02, vy=1.327137e-02, vz=-4.570764e-04
pid 15: m=5.014340e-08, r=1.299433e-05, x=-5.722603e+00, y=-8.726499e+00, z=-6.193545e-02, vx=-1.815130e-02, vy=1.242869e-02, vz=2.344426e-04
Debris Energy Lost: -2.010944e-13
14 merged 15: m=9.943676e-08, r=1.618463e-05, x=-5.722611e+00, y=-8.726510e+00, z=-6.193279e-02, vx=-1.760408e-02, vy=1.285003e-02, vz=-1.113169e-04
COLLISION RESOLVED - Particles Remaining: 151
N_tot=  151       t=  1643626.013663  dt=  2.078862  cpu=  288.910567 [s]  t/tmax= 90.00%
N_tot=  151       t=  1826250.000000  dt=  2.028246  cpu=  459.982101 [s]  t/tmax= 100.00%
