INITIAL TIME: 0.000000
N_tot=  156       t=  0.000000  dt=  6.000000  cpu=  0.000000 [s]  t/tmax=  0.00%
N_tot=  156       t=  182628.000000  dt=  6.000000  cpu=  45.008691 [s]  t/tmax= 10.00%
N_tot=  156       t=  365250.000000  dt=  6.000000  cpu=  48.317261 [s]  t/tmax= 20.00%
COLLISION TIME: 1126.323776 yrs
pid 34: m=5.014340e-08, r=1.299433e-05, x=8.030532e-01, y=-1.497663e-02, z=-1.554453e-03, vx=1.102325e-03, vy=1.938292e-02, vz=-7.614460e-05
pid 37: m=5.014340e-08, r=1.299433e-05, x=8.030739e-01, y=-1.497173e-02, z=-1.539462e-03, vx=-3.521203e-04, vy=1.900501e-02, vz=1.294595e-05
Debris Energy Lost: -2.208414e-16
34 merged 37: m=1.002868e-07, r=1.622873e-05, x=8.030636e-01, y=-1.497418e-02, z=-1.546958e-03, vx=3.751024e-04, vy=1.919396e-02, vz=-3.159933e-05
COLLISION RESOLVED - Particles Remaining: 155
N_tot=  155       t=  547878.000000  dt=  6.000000  cpu=  42.105213 [s]  t/tmax= 30.00%
N_tot=  155       t=  730500.000000  dt=  6.000000  cpu=  29.588751 [s]  t/tmax= 40.00%
N_tot=  155       t=  913128.000000  dt=  6.000000  cpu=  31.368295 [s]  t/tmax= 50.00%
N_tot=  155       t=  1095750.000000  dt=  6.000000  cpu=  36.573863 [s]  t/tmax= 60.00%
N_tot=  155       t=  1278378.000000  dt=  6.000000  cpu=  60.754749 [s]  t/tmax= 70.00%
N_tot=  155       t=  1461000.000000  dt=  6.000000  cpu=  40.860727 [s]  t/tmax= 80.00%
COLLISION TIME: 4006.494145 yrs
pid 84: m=5.014340e-08, r=1.299433e-05, x=-1.189112e+00, y=-2.052712e-01, z=-1.976785e-03, vx=1.934652e-03, vy=-1.548856e-02, vz=-6.859235e-05
pid 82: m=5.014340e-08, r=1.299433e-05, x=-1.189137e+00, y=-2.052702e-01, z=-1.980636e-03, vx=3.421936e-03, vy=-1.550096e-02, vz=2.559665e-04
Debris Energy Lost: -2.870236e-13
84 merged 82: m=9.792064e-08, r=1.610533e-05, x=-1.189124e+00, y=-2.052707e-01, z=-1.978711e-03, vx=2.678294e-03, vy=-1.549476e-02, vz=9.368707e-05
COLLISION RESOLVED - Particles Remaining: 154
N_tot=  154       t=  1643628.000000  dt=  6.000000  cpu=  32.387085 [s]  t/tmax= 90.00%
COLLISION TIME: 4644.153338 yrs
pid 45: m=5.014340e-08, r=1.299433e-05, x=-8.345881e-01, y=-3.309206e-01, z=-7.427680e-03, vx=7.318660e-03, vy=-1.657170e-02, vz=-2.712082e-04
pid 55: m=5.014340e-08, r=1.299433e-05, x=-8.345739e-01, y=-3.309014e-01, z=-7.417389e-03, vx=6.083915e-03, vy=-1.740359e-02, vz=2.550239e-04
Debris Energy Lost: 2.629357e-15
45 merged 55: m=1.002868e-07, r=1.622873e-05, x=-8.345810e-01, y=-3.309110e-01, z=-7.422534e-03, vx=6.701287e-03, vy=-1.698764e-02, vz=-8.092157e-06
COLLISION RESOLVED - Particles Remaining: 153
N_tot=  153       t=  1826250.000000  dt=  6.000000  cpu=  30.993779 [s]  t/tmax= 100.00%
