INITIAL TIME: 0.000000
N_tot=  156       t=  0.000000  dt=  1.000000  cpu=  0.000000 [s]  t/tmax=  0.00%
COLLISION TIME: 44.260837 yrs
pid 88: m=5.014340e-08, r=1.299433e-05, x=1.227702e+00, y=3.009001e-01, z=-1.684118e-03, vx=-3.372214e-03, vy=1.475764e-02, vz=6.759924e-04
pid 89: m=5.014340e-08, r=1.299433e-05, x=1.227687e+00, y=3.008885e-01, z=-1.666764e-03, vx=-3.964747e-03, vy=1.508594e-02, vz=-6.724776e-04
Debris Energy Lost: -8.212342e-17
Angular Momentum Change: h0 - [-1.813985e-10, 5.194660e-10, 5.274222e-05] h1 - [-1.813987e-10, 5.194668e-10, 5.274222e-05]
88 merged 89: m=1.002868e-07, r=1.622873e-05, x=1.227695e+00, y=3.008943e-01, z=-1.675441e-03, vx=-3.668481e-03, vy=1.492179e-02, vz=1.757415e-06
COLLISION RESOLVED - Particles Remaining: 155
N_tot=  155       t=  18263.000000  dt=  1.000000  cpu=  8.229156 [s]  t/tmax= 10.00%
N_tot=  155       t=  36525.000000  dt=  1.000000  cpu=  7.570610 [s]  t/tmax= 20.00%
N_tot=  155       t=  54788.000000  dt=  1.000000  cpu=  7.465813 [s]  t/tmax= 30.00%
N_tot=  155       t=  73050.000000  dt=  1.000000  cpu=  10.502699 [s]  t/tmax= 40.00%
N_tot=  155       t=  91313.000000  dt=  1.000000  cpu=  7.458290 [s]  t/tmax= 50.00%
N_tot=  155       t=  109575.000000  dt=  1.000000  cpu=  7.550459 [s]  t/tmax= 60.00%
COLLISION TIME: 338.906233 yrs
pid 71: m=5.014340e-08, r=1.299433e-05, x=8.504007e-01, y=-6.925300e-01, z=3.881181e-03, vx=1.078290e-02, vy=1.221696e-02, vz=-3.583743e-04
pid 68: m=5.014340e-08, r=1.299433e-05, x=8.504054e-01, y=-6.925530e-01, z=3.869955e-03, vx=9.967554e-03, vy=1.330282e-02, vz=3.946619e-04
Debris Energy Lost: -1.060958e-13
Angular Momentum Change: h0 - [-1.813987e-10, 5.194668e-10, 5.274222e-05] h1 - [-1.813490e-10, 5.194469e-10, 5.274220e-05]
71 merged 68: m=9.948713e-08, r=1.618725e-05, x=8.504030e-01, y=-6.925415e-01, z=3.875568e-03, vx=1.037523e-02, vy=1.275989e-02, vz=1.814383e-05
COLLISION RESOLVED - Particles Remaining: 154
N_tot=  154       t=  127838.000000  dt=  1.000000  cpu=  7.757367 [s]  t/tmax= 70.00%
N_tot=  154       t=  146100.000000  dt=  1.000000  cpu=  7.784617 [s]  t/tmax= 80.00%
N_tot=  154       t=  164363.000000  dt=  1.000000  cpu=  7.683059 [s]  t/tmax= 90.00%
N_tot=  154       t=  182625.000000  dt=  1.000000  cpu=  7.485710 [s]  t/tmax= 100.00%
